::1 - - [Mon, 01 Jun 2015 03:35:40 GMT] "GET / HTTP/1.1" - 1755 "-" "Mozilla/5.0 (Windows NT 6.1; WOW64) AppleWebKit/537.36 (KHTML, like Gecko) Chrome/42.0.2311.90 Safari/537.36"
::1 - - [Mon, 01 Jun 2015 03:35:40 GMT] "GET / HTTP/1.1" 200 1755 "-" "Mozilla/5.0 (Windows NT 6.1; WOW64) AppleWebKit/537.36 (KHTML, like Gecko) Chrome/42.0.2311.90 Safari/537.36"
::1 - - [Mon, 01 Jun 2015 03:35:40 GMT] "GET /stylesheets/style.css HTTP/1.1" 200 - "http://localhost:3000/" "Mozilla/5.0 (Windows NT 6.1; WOW64) AppleWebKit/537.36 (KHTML, like Gecko) Chrome/42.0.2311.90 Safari/537.36"
::1 - - [Mon, 01 Jun 2015 03:35:40 GMT] "GET /stylesheets/bootstrap.min.css HTTP/1.1" 200 117305 "http://localhost:3000/" "Mozilla/5.0 (Windows NT 6.1; WOW64) AppleWebKit/537.36 (KHTML, like Gecko) Chrome/42.0.2311.90 Safari/537.36"
::1 - - [Mon, 01 Jun 2015 03:35:40 GMT] "GET /javascripts/jquery-1.11.3.min.js HTTP/1.1" 200 95957 "http://localhost:3000/" "Mozilla/5.0 (Windows NT 6.1; WOW64) AppleWebKit/537.36 (KHTML, like Gecko) Chrome/42.0.2311.90 Safari/537.36"
::1 - - [Mon, 01 Jun 2015 03:35:40 GMT] "GET /javascripts/bootstrap.min.js HTTP/1.1" 200 35951 "http://localhost:3000/" "Mozilla/5.0 (Windows NT 6.1; WOW64) AppleWebKit/537.36 (KHTML, like Gecko) Chrome/42.0.2311.90 Safari/537.36"
::1 - - [Mon, 01 Jun 2015 03:35:43 GMT] "GET /login HTTP/1.1" 200 1662 "http://localhost:3000/" "Mozilla/5.0 (Windows NT 6.1; WOW64) AppleWebKit/537.36 (KHTML, like Gecko) Chrome/42.0.2311.90 Safari/537.36"
::1 - - [Mon, 01 Jun 2015 03:35:44 GMT] "GET /stylesheets/bootstrap.min.css HTTP/1.1" 304 - "http://localhost:3000/login" "Mozilla/5.0 (Windows NT 6.1; WOW64) AppleWebKit/537.36 (KHTML, like Gecko) Chrome/42.0.2311.90 Safari/537.36"
::1 - - [Mon, 01 Jun 2015 03:35:44 GMT] "GET /stylesheets/style.css HTTP/1.1" 304 - "http://localhost:3000/login" "Mozilla/5.0 (Windows NT 6.1; WOW64) AppleWebKit/537.36 (KHTML, like Gecko) Chrome/42.0.2311.90 Safari/537.36"
::1 - - [Mon, 01 Jun 2015 03:35:44 GMT] "GET /javascripts/jquery-1.11.3.min.js HTTP/1.1" 304 - "http://localhost:3000/login" "Mozilla/5.0 (Windows NT 6.1; WOW64) AppleWebKit/537.36 (KHTML, like Gecko) Chrome/42.0.2311.90 Safari/537.36"
::1 - - [Mon, 01 Jun 2015 03:35:44 GMT] "GET /javascripts/bootstrap.min.js HTTP/1.1" 304 - "http://localhost:3000/login" "Mozilla/5.0 (Windows NT 6.1; WOW64) AppleWebKit/537.36 (KHTML, like Gecko) Chrome/42.0.2311.90 Safari/537.36"
::1 - - [Mon, 01 Jun 2015 03:35:49 GMT] "POST /login HTTP/1.1" 302 68 "http://localhost:3000/login" "Mozilla/5.0 (Windows NT 6.1; WOW64) AppleWebKit/537.36 (KHTML, like Gecko) Chrome/42.0.2311.90 Safari/537.36"
::1 - - [Mon, 01 Jun 2015 03:35:49 GMT] "GET /login HTTP/1.1" 200 1662 "http://localhost:3000/login" "Mozilla/5.0 (Windows NT 6.1; WOW64) AppleWebKit/537.36 (KHTML, like Gecko) Chrome/42.0.2311.90 Safari/537.36"
::1 - - [Mon, 01 Jun 2015 03:35:49 GMT] "GET /stylesheets/bootstrap.min.css HTTP/1.1" 304 - "http://localhost:3000/login" "Mozilla/5.0 (Windows NT 6.1; WOW64) AppleWebKit/537.36 (KHTML, like Gecko) Chrome/42.0.2311.90 Safari/537.36"
::1 - - [Mon, 01 Jun 2015 03:35:49 GMT] "GET /stylesheets/style.css HTTP/1.1" 304 - "http://localhost:3000/login" "Mozilla/5.0 (Windows NT 6.1; WOW64) AppleWebKit/537.36 (KHTML, like Gecko) Chrome/42.0.2311.90 Safari/537.36"
::1 - - [Mon, 01 Jun 2015 03:35:49 GMT] "GET /javascripts/jquery-1.11.3.min.js HTTP/1.1" 304 - "http://localhost:3000/login" "Mozilla/5.0 (Windows NT 6.1; WOW64) AppleWebKit/537.36 (KHTML, like Gecko) Chrome/42.0.2311.90 Safari/537.36"
::1 - - [Mon, 01 Jun 2015 03:35:49 GMT] "GET /javascripts/bootstrap.min.js HTTP/1.1" 304 - "http://localhost:3000/login" "Mozilla/5.0 (Windows NT 6.1; WOW64) AppleWebKit/537.36 (KHTML, like Gecko) Chrome/42.0.2311.90 Safari/537.36"
::1 - - [Mon, 01 Jun 2015 03:36:00 GMT] "GET /reg HTTP/1.1" 200 1952 "http://localhost:3000/login" "Mozilla/5.0 (Windows NT 6.1; WOW64) AppleWebKit/537.36 (KHTML, like Gecko) Chrome/42.0.2311.90 Safari/537.36"
::1 - - [Mon, 01 Jun 2015 03:36:00 GMT] "GET /stylesheets/bootstrap.min.css HTTP/1.1" 304 - "http://localhost:3000/reg" "Mozilla/5.0 (Windows NT 6.1; WOW64) AppleWebKit/537.36 (KHTML, like Gecko) Chrome/42.0.2311.90 Safari/537.36"
::1 - - [Mon, 01 Jun 2015 03:36:00 GMT] "GET /stylesheets/style.css HTTP/1.1" 304 - "http://localhost:3000/reg" "Mozilla/5.0 (Windows NT 6.1; WOW64) AppleWebKit/537.36 (KHTML, like Gecko) Chrome/42.0.2311.90 Safari/537.36"
::1 - - [Mon, 01 Jun 2015 03:36:00 GMT] "GET /javascripts/jquery-1.11.3.min.js HTTP/1.1" 304 - "http://localhost:3000/reg" "Mozilla/5.0 (Windows NT 6.1; WOW64) AppleWebKit/537.36 (KHTML, like Gecko) Chrome/42.0.2311.90 Safari/537.36"
::1 - - [Mon, 01 Jun 2015 03:36:00 GMT] "GET /javascripts/bootstrap.min.js HTTP/1.1" 304 - "http://localhost:3000/reg" "Mozilla/5.0 (Windows NT 6.1; WOW64) AppleWebKit/537.36 (KHTML, like Gecko) Chrome/42.0.2311.90 Safari/537.36"
::1 - - [Mon, 01 Jun 2015 03:36:13 GMT] "POST /reg HTTP/1.1" 302 58 "http://localhost:3000/reg" "Mozilla/5.0 (Windows NT 6.1; WOW64) AppleWebKit/537.36 (KHTML, like Gecko) Chrome/42.0.2311.90 Safari/537.36"
::1 - - [Mon, 01 Jun 2015 03:36:14 GMT] "GET / HTTP/1.1" 304 - "http://localhost:3000/reg" "Mozilla/5.0 (Windows NT 6.1; WOW64) AppleWebKit/537.36 (KHTML, like Gecko) Chrome/42.0.2311.90 Safari/537.36"
::1 - - [Mon, 01 Jun 2015 03:36:14 GMT] "GET /stylesheets/bootstrap.min.css HTTP/1.1" 304 - "http://localhost:3000/" "Mozilla/5.0 (Windows NT 6.1; WOW64) AppleWebKit/537.36 (KHTML, like Gecko) Chrome/42.0.2311.90 Safari/537.36"
::1 - - [Mon, 01 Jun 2015 03:36:14 GMT] "GET /stylesheets/style.css HTTP/1.1" 304 - "http://localhost:3000/" "Mozilla/5.0 (Windows NT 6.1; WOW64) AppleWebKit/537.36 (KHTML, like Gecko) Chrome/42.0.2311.90 Safari/537.36"
::1 - - [Mon, 01 Jun 2015 03:36:14 GMT] "GET /javascripts/jquery-1.11.3.min.js HTTP/1.1" 304 - "http://localhost:3000/" "Mozilla/5.0 (Windows NT 6.1; WOW64) AppleWebKit/537.36 (KHTML, like Gecko) Chrome/42.0.2311.90 Safari/537.36"
::1 - - [Mon, 01 Jun 2015 03:36:14 GMT] "GET /javascripts/bootstrap.min.js HTTP/1.1" 304 - "http://localhost:3000/" "Mozilla/5.0 (Windows NT 6.1; WOW64) AppleWebKit/537.36 (KHTML, like Gecko) Chrome/42.0.2311.90 Safari/537.36"
::1 - - [Mon, 01 Jun 2015 03:36:22 GMT] "GET /login HTTP/1.1" 302 58 "http://localhost:3000/" "Mozilla/5.0 (Windows NT 6.1; WOW64) AppleWebKit/537.36 (KHTML, like Gecko) Chrome/42.0.2311.90 Safari/537.36"
::1 - - [Mon, 01 Jun 2015 03:36:22 GMT] "GET / HTTP/1.1" 304 - "http://localhost:3000/" "Mozilla/5.0 (Windows NT 6.1; WOW64) AppleWebKit/537.36 (KHTML, like Gecko) Chrome/42.0.2311.90 Safari/537.36"
::1 - - [Mon, 01 Jun 2015 03:36:22 GMT] "GET /stylesheets/bootstrap.min.css HTTP/1.1" 304 - "http://localhost:3000/" "Mozilla/5.0 (Windows NT 6.1; WOW64) AppleWebKit/537.36 (KHTML, like Gecko) Chrome/42.0.2311.90 Safari/537.36"
::1 - - [Mon, 01 Jun 2015 03:36:22 GMT] "GET /stylesheets/style.css HTTP/1.1" 304 - "http://localhost:3000/" "Mozilla/5.0 (Windows NT 6.1; WOW64) AppleWebKit/537.36 (KHTML, like Gecko) Chrome/42.0.2311.90 Safari/537.36"
::1 - - [Mon, 01 Jun 2015 03:36:22 GMT] "GET /javascripts/jquery-1.11.3.min.js HTTP/1.1" 304 - "http://localhost:3000/" "Mozilla/5.0 (Windows NT 6.1; WOW64) AppleWebKit/537.36 (KHTML, like Gecko) Chrome/42.0.2311.90 Safari/537.36"
::1 - - [Mon, 01 Jun 2015 03:36:22 GMT] "GET /javascripts/bootstrap.min.js HTTP/1.1" 304 - "http://localhost:3000/" "Mozilla/5.0 (Windows NT 6.1; WOW64) AppleWebKit/537.36 (KHTML, like Gecko) Chrome/42.0.2311.90 Safari/537.36"
::1 - - [Mon, 01 Jun 2015 03:36:24 GMT] "GET /login HTTP/1.1" 302 58 "http://localhost:3000/" "Mozilla/5.0 (Windows NT 6.1; WOW64) AppleWebKit/537.36 (KHTML, like Gecko) Chrome/42.0.2311.90 Safari/537.36"
::1 - - [Mon, 01 Jun 2015 03:36:24 GMT] "GET / HTTP/1.1" 304 - "http://localhost:3000/" "Mozilla/5.0 (Windows NT 6.1; WOW64) AppleWebKit/537.36 (KHTML, like Gecko) Chrome/42.0.2311.90 Safari/537.36"
::1 - - [Mon, 01 Jun 2015 03:36:24 GMT] "GET /stylesheets/bootstrap.min.css HTTP/1.1" 304 - "http://localhost:3000/" "Mozilla/5.0 (Windows NT 6.1; WOW64) AppleWebKit/537.36 (KHTML, like Gecko) Chrome/42.0.2311.90 Safari/537.36"
::1 - - [Mon, 01 Jun 2015 03:36:24 GMT] "GET /stylesheets/style.css HTTP/1.1" 304 - "http://localhost:3000/" "Mozilla/5.0 (Windows NT 6.1; WOW64) AppleWebKit/537.36 (KHTML, like Gecko) Chrome/42.0.2311.90 Safari/537.36"
::1 - - [Mon, 01 Jun 2015 03:36:24 GMT] "GET /javascripts/jquery-1.11.3.min.js HTTP/1.1" 304 - "http://localhost:3000/" "Mozilla/5.0 (Windows NT 6.1; WOW64) AppleWebKit/537.36 (KHTML, like Gecko) Chrome/42.0.2311.90 Safari/537.36"
::1 - - [Mon, 01 Jun 2015 03:36:24 GMT] "GET /javascripts/bootstrap.min.js HTTP/1.1" 304 - "http://localhost:3000/" "Mozilla/5.0 (Windows NT 6.1; WOW64) AppleWebKit/537.36 (KHTML, like Gecko) Chrome/42.0.2311.90 Safari/537.36"
::1 - - [Mon, 01 Jun 2015 03:36:27 GMT] "GET /login HTTP/1.1" 302 58 "http://localhost:3000/" "Mozilla/5.0 (Windows NT 6.1; WOW64) AppleWebKit/537.36 (KHTML, like Gecko) Chrome/42.0.2311.90 Safari/537.36"
::1 - - [Mon, 01 Jun 2015 03:36:27 GMT] "GET / HTTP/1.1" 304 - "http://localhost:3000/" "Mozilla/5.0 (Windows NT 6.1; WOW64) AppleWebKit/537.36 (KHTML, like Gecko) Chrome/42.0.2311.90 Safari/537.36"
::1 - - [Mon, 01 Jun 2015 03:36:28 GMT] "GET /stylesheets/bootstrap.min.css HTTP/1.1" 304 - "http://localhost:3000/" "Mozilla/5.0 (Windows NT 6.1; WOW64) AppleWebKit/537.36 (KHTML, like Gecko) Chrome/42.0.2311.90 Safari/537.36"
::1 - - [Mon, 01 Jun 2015 03:36:28 GMT] "GET /stylesheets/style.css HTTP/1.1" 304 - "http://localhost:3000/" "Mozilla/5.0 (Windows NT 6.1; WOW64) AppleWebKit/537.36 (KHTML, like Gecko) Chrome/42.0.2311.90 Safari/537.36"
::1 - - [Mon, 01 Jun 2015 03:36:28 GMT] "GET /javascripts/jquery-1.11.3.min.js HTTP/1.1" 304 - "http://localhost:3000/" "Mozilla/5.0 (Windows NT 6.1; WOW64) AppleWebKit/537.36 (KHTML, like Gecko) Chrome/42.0.2311.90 Safari/537.36"
::1 - - [Mon, 01 Jun 2015 03:36:28 GMT] "GET /javascripts/bootstrap.min.js HTTP/1.1" 304 - "http://localhost:3000/" "Mozilla/5.0 (Windows NT 6.1; WOW64) AppleWebKit/537.36 (KHTML, like Gecko) Chrome/42.0.2311.90 Safari/537.36"
::1 - - [Mon, 01 Jun 2015 05:33:01 GMT] "GET / HTTP/1.1" 500 1007 "http://localhost:3000/" "Mozilla/5.0 (Windows NT 6.1; WOW64) AppleWebKit/537.36 (KHTML, like Gecko) Chrome/42.0.2311.90 Safari/537.36"
::1 - - [Mon, 01 Jun 2015 05:40:40 GMT] "GET / HTTP/1.1" 500 1007 "http://localhost:3000/" "Mozilla/5.0 (Windows NT 6.1; WOW64) AppleWebKit/537.36 (KHTML, like Gecko) Chrome/42.0.2311.90 Safari/537.36"
::1 - - [Mon, 01 Jun 2015 05:46:41 GMT] "GET / HTTP/1.1" 500 1007 "http://localhost:3000/" "Mozilla/5.0 (Windows NT 6.1; WOW64) AppleWebKit/537.36 (KHTML, like Gecko) Chrome/42.0.2311.90 Safari/537.36"
::1 - - [Mon, 01 Jun 2015 05:46:54 GMT] "GET / HTTP/1.1" 500 1007 "-" "Mozilla/5.0 (Windows NT 6.1; WOW64) AppleWebKit/537.36 (KHTML, like Gecko) Chrome/42.0.2311.90 Safari/537.36"
::1 - - [Mon, 01 Jun 2015 05:47:07 GMT] "GET / HTTP/1.1" 500 1007 "-" "Mozilla/5.0 (Windows NT 6.1; WOW64; Trident/7.0; rv:11.0) like Gecko"
::1 - - [Mon, 01 Jun 2015 05:48:32 GMT] "GET / HTTP/1.1" 500 1007 "-" "Mozilla/5.0 (Windows NT 6.1; WOW64) AppleWebKit/537.36 (KHTML, like Gecko) Chrome/42.0.2311.90 Safari/537.36"
::1 - - [Mon, 01 Jun 2015 05:49:43 GMT] "GET / HTTP/1.1" 500 1007 "-" "Mozilla/5.0 (Windows NT 6.1; WOW64) AppleWebKit/537.36 (KHTML, like Gecko) Chrome/42.0.2311.90 Safari/537.36"
::1 - - [Mon, 01 Jun 2015 05:49:54 GMT] "GET / HTTP/1.1" 500 1007 "-" "Mozilla/5.0 (Windows NT 6.1; WOW64) AppleWebKit/537.36 (KHTML, like Gecko) Chrome/42.0.2311.90 Safari/537.36"
::1 - - [Mon, 01 Jun 2015 05:50:17 GMT] "GET / HTTP/1.1" 200 1755 "-" "Mozilla/5.0 (Windows NT 6.1; WOW64) AppleWebKit/537.36 (KHTML, like Gecko) Chrome/42.0.2311.90 Safari/537.36"
::1 - - [Mon, 01 Jun 2015 05:50:18 GMT] "GET /stylesheets/bootstrap.min.css HTTP/1.1" 304 - "http://localhost:3000/" "Mozilla/5.0 (Windows NT 6.1; WOW64) AppleWebKit/537.36 (KHTML, like Gecko) Chrome/42.0.2311.90 Safari/537.36"
::1 - - [Mon, 01 Jun 2015 05:50:18 GMT] "GET /stylesheets/style.css HTTP/1.1" 304 - "http://localhost:3000/" "Mozilla/5.0 (Windows NT 6.1; WOW64) AppleWebKit/537.36 (KHTML, like Gecko) Chrome/42.0.2311.90 Safari/537.36"
::1 - - [Mon, 01 Jun 2015 05:50:18 GMT] "GET /javascripts/jquery-1.11.3.min.js HTTP/1.1" 304 - "http://localhost:3000/" "Mozilla/5.0 (Windows NT 6.1; WOW64) AppleWebKit/537.36 (KHTML, like Gecko) Chrome/42.0.2311.90 Safari/537.36"
::1 - - [Mon, 01 Jun 2015 05:50:18 GMT] "GET /javascripts/bootstrap.min.js HTTP/1.1" 304 - "http://localhost:3000/" "Mozilla/5.0 (Windows NT 6.1; WOW64) AppleWebKit/537.36 (KHTML, like Gecko) Chrome/42.0.2311.90 Safari/537.36"
::1 - - [Mon, 01 Jun 2015 05:54:32 GMT] "GET / HTTP/1.1" 200 1713 "-" "Mozilla/5.0 (Windows NT 6.1; WOW64) AppleWebKit/537.36 (KHTML, like Gecko) Chrome/42.0.2311.90 Safari/537.36"
::1 - - [Mon, 01 Jun 2015 05:54:32 GMT] "GET /stylesheets/bootstrap.min.css HTTP/1.1" 304 - "http://localhost:3000/" "Mozilla/5.0 (Windows NT 6.1; WOW64) AppleWebKit/537.36 (KHTML, like Gecko) Chrome/42.0.2311.90 Safari/537.36"
::1 - - [Mon, 01 Jun 2015 05:54:32 GMT] "GET /stylesheets/style.css HTTP/1.1" 304 - "http://localhost:3000/" "Mozilla/5.0 (Windows NT 6.1; WOW64) AppleWebKit/537.36 (KHTML, like Gecko) Chrome/42.0.2311.90 Safari/537.36"
::1 - - [Mon, 01 Jun 2015 05:54:32 GMT] "GET /javascripts/jquery-1.11.3.min.js HTTP/1.1" 304 - "http://localhost:3000/" "Mozilla/5.0 (Windows NT 6.1; WOW64) AppleWebKit/537.36 (KHTML, like Gecko) Chrome/42.0.2311.90 Safari/537.36"
::1 - - [Mon, 01 Jun 2015 05:54:32 GMT] "GET /javascripts/bootstrap.min.js HTTP/1.1" 304 - "http://localhost:3000/" "Mozilla/5.0 (Windows NT 6.1; WOW64) AppleWebKit/537.36 (KHTML, like Gecko) Chrome/42.0.2311.90 Safari/537.36"
::1 - - [Mon, 01 Jun 2015 05:55:10 GMT] "GET / HTTP/1.1" 200 1701 "-" "Mozilla/5.0 (Windows NT 6.1; WOW64) AppleWebKit/537.36 (KHTML, like Gecko) Chrome/42.0.2311.90 Safari/537.36"
::1 - - [Mon, 01 Jun 2015 05:55:10 GMT] "GET /stylesheets/bootstrap.min.css HTTP/1.1" 304 - "http://localhost:3000/" "Mozilla/5.0 (Windows NT 6.1; WOW64) AppleWebKit/537.36 (KHTML, like Gecko) Chrome/42.0.2311.90 Safari/537.36"
::1 - - [Mon, 01 Jun 2015 05:55:10 GMT] "GET /stylesheets/style.css HTTP/1.1" 304 - "http://localhost:3000/" "Mozilla/5.0 (Windows NT 6.1; WOW64) AppleWebKit/537.36 (KHTML, like Gecko) Chrome/42.0.2311.90 Safari/537.36"
::1 - - [Mon, 01 Jun 2015 05:55:10 GMT] "GET /javascripts/jquery-1.11.3.min.js HTTP/1.1" 304 - "http://localhost:3000/" "Mozilla/5.0 (Windows NT 6.1; WOW64) AppleWebKit/537.36 (KHTML, like Gecko) Chrome/42.0.2311.90 Safari/537.36"
::1 - - [Mon, 01 Jun 2015 05:55:10 GMT] "GET /javascripts/bootstrap.min.js HTTP/1.1" 304 - "http://localhost:3000/" "Mozilla/5.0 (Windows NT 6.1; WOW64) AppleWebKit/537.36 (KHTML, like Gecko) Chrome/42.0.2311.90 Safari/537.36"
::1 - - [Mon, 01 Jun 2015 05:56:20 GMT] "GET / HTTP/1.1" 200 1722 "-" "Mozilla/5.0 (Windows NT 6.1; WOW64) AppleWebKit/537.36 (KHTML, like Gecko) Chrome/42.0.2311.90 Safari/537.36"
::1 - - [Mon, 01 Jun 2015 05:56:20 GMT] "GET /stylesheets/bootstrap.min.css HTTP/1.1" 304 - "http://localhost:3000/" "Mozilla/5.0 (Windows NT 6.1; WOW64) AppleWebKit/537.36 (KHTML, like Gecko) Chrome/42.0.2311.90 Safari/537.36"
::1 - - [Mon, 01 Jun 2015 05:56:20 GMT] "GET /stylesheets/style.css HTTP/1.1" 304 - "http://localhost:3000/" "Mozilla/5.0 (Windows NT 6.1; WOW64) AppleWebKit/537.36 (KHTML, like Gecko) Chrome/42.0.2311.90 Safari/537.36"
::1 - - [Mon, 01 Jun 2015 05:56:20 GMT] "GET /javascripts/jquery-1.11.3.min.js HTTP/1.1" 304 - "http://localhost:3000/" "Mozilla/5.0 (Windows NT 6.1; WOW64) AppleWebKit/537.36 (KHTML, like Gecko) Chrome/42.0.2311.90 Safari/537.36"
::1 - - [Mon, 01 Jun 2015 05:56:20 GMT] "GET /javascripts/bootstrap.min.js HTTP/1.1" 304 - "http://localhost:3000/" "Mozilla/5.0 (Windows NT 6.1; WOW64) AppleWebKit/537.36 (KHTML, like Gecko) Chrome/42.0.2311.90 Safari/537.36"
::1 - - [Mon, 01 Jun 2015 05:56:24 GMT] "GET /logout HTTP/1.1" 302 58 "http://localhost:3000/" "Mozilla/5.0 (Windows NT 6.1; WOW64) AppleWebKit/537.36 (KHTML, like Gecko) Chrome/42.0.2311.90 Safari/537.36"
::1 - - [Mon, 01 Jun 2015 05:56:25 GMT] "GET / HTTP/1.1" 200 1755 "http://localhost:3000/" "Mozilla/5.0 (Windows NT 6.1; WOW64) AppleWebKit/537.36 (KHTML, like Gecko) Chrome/42.0.2311.90 Safari/537.36"
::1 - - [Mon, 01 Jun 2015 05:56:25 GMT] "GET /stylesheets/bootstrap.min.css HTTP/1.1" 304 - "http://localhost:3000/" "Mozilla/5.0 (Windows NT 6.1; WOW64) AppleWebKit/537.36 (KHTML, like Gecko) Chrome/42.0.2311.90 Safari/537.36"
::1 - - [Mon, 01 Jun 2015 05:56:25 GMT] "GET /stylesheets/style.css HTTP/1.1" 304 - "http://localhost:3000/" "Mozilla/5.0 (Windows NT 6.1; WOW64) AppleWebKit/537.36 (KHTML, like Gecko) Chrome/42.0.2311.90 Safari/537.36"
::1 - - [Mon, 01 Jun 2015 05:56:25 GMT] "GET /javascripts/jquery-1.11.3.min.js HTTP/1.1" 304 - "http://localhost:3000/" "Mozilla/5.0 (Windows NT 6.1; WOW64) AppleWebKit/537.36 (KHTML, like Gecko) Chrome/42.0.2311.90 Safari/537.36"
::1 - - [Mon, 01 Jun 2015 05:56:25 GMT] "GET /javascripts/bootstrap.min.js HTTP/1.1" 304 - "http://localhost:3000/" "Mozilla/5.0 (Windows NT 6.1; WOW64) AppleWebKit/537.36 (KHTML, like Gecko) Chrome/42.0.2311.90 Safari/537.36"
::1 - - [Mon, 01 Jun 2015 05:56:29 GMT] "GET /login HTTP/1.1" 200 1662 "http://localhost:3000/" "Mozilla/5.0 (Windows NT 6.1; WOW64) AppleWebKit/537.36 (KHTML, like Gecko) Chrome/42.0.2311.90 Safari/537.36"
::1 - - [Mon, 01 Jun 2015 05:56:29 GMT] "GET /stylesheets/bootstrap.min.css HTTP/1.1" 304 - "http://localhost:3000/login" "Mozilla/5.0 (Windows NT 6.1; WOW64) AppleWebKit/537.36 (KHTML, like Gecko) Chrome/42.0.2311.90 Safari/537.36"
::1 - - [Mon, 01 Jun 2015 05:56:29 GMT] "GET /stylesheets/style.css HTTP/1.1" 304 - "http://localhost:3000/login" "Mozilla/5.0 (Windows NT 6.1; WOW64) AppleWebKit/537.36 (KHTML, like Gecko) Chrome/42.0.2311.90 Safari/537.36"
::1 - - [Mon, 01 Jun 2015 05:56:29 GMT] "GET /javascripts/jquery-1.11.3.min.js HTTP/1.1" 304 - "http://localhost:3000/login" "Mozilla/5.0 (Windows NT 6.1; WOW64) AppleWebKit/537.36 (KHTML, like Gecko) Chrome/42.0.2311.90 Safari/537.36"
::1 - - [Mon, 01 Jun 2015 05:56:29 GMT] "GET /javascripts/bootstrap.min.js HTTP/1.1" 304 - "http://localhost:3000/login" "Mozilla/5.0 (Windows NT 6.1; WOW64) AppleWebKit/537.36 (KHTML, like Gecko) Chrome/42.0.2311.90 Safari/537.36"
::1 - - [Mon, 01 Jun 2015 05:56:31 GMT] "POST /login HTTP/1.1" 302 58 "http://localhost:3000/login" "Mozilla/5.0 (Windows NT 6.1; WOW64) AppleWebKit/537.36 (KHTML, like Gecko) Chrome/42.0.2311.90 Safari/537.36"
::1 - - [Mon, 01 Jun 2015 05:56:32 GMT] "GET / HTTP/1.1" 200 1722 "http://localhost:3000/login" "Mozilla/5.0 (Windows NT 6.1; WOW64) AppleWebKit/537.36 (KHTML, like Gecko) Chrome/42.0.2311.90 Safari/537.36"
::1 - - [Mon, 01 Jun 2015 05:56:32 GMT] "GET /stylesheets/bootstrap.min.css HTTP/1.1" 304 - "http://localhost:3000/" "Mozilla/5.0 (Windows NT 6.1; WOW64) AppleWebKit/537.36 (KHTML, like Gecko) Chrome/42.0.2311.90 Safari/537.36"
::1 - - [Mon, 01 Jun 2015 05:56:32 GMT] "GET /stylesheets/style.css HTTP/1.1" 304 - "http://localhost:3000/" "Mozilla/5.0 (Windows NT 6.1; WOW64) AppleWebKit/537.36 (KHTML, like Gecko) Chrome/42.0.2311.90 Safari/537.36"
::1 - - [Mon, 01 Jun 2015 05:56:32 GMT] "GET /javascripts/jquery-1.11.3.min.js HTTP/1.1" 304 - "http://localhost:3000/" "Mozilla/5.0 (Windows NT 6.1; WOW64) AppleWebKit/537.36 (KHTML, like Gecko) Chrome/42.0.2311.90 Safari/537.36"
::1 - - [Mon, 01 Jun 2015 05:56:32 GMT] "GET /javascripts/bootstrap.min.js HTTP/1.1" 304 - "http://localhost:3000/" "Mozilla/5.0 (Windows NT 6.1; WOW64) AppleWebKit/537.36 (KHTML, like Gecko) Chrome/42.0.2311.90 Safari/537.36"
::1 - - [Mon, 01 Jun 2015 05:56:35 GMT] "GET /reg HTTP/1.1" 302 58 "http://localhost:3000/" "Mozilla/5.0 (Windows NT 6.1; WOW64) AppleWebKit/537.36 (KHTML, like Gecko) Chrome/42.0.2311.90 Safari/537.36"
::1 - - [Mon, 01 Jun 2015 05:56:35 GMT] "GET / HTTP/1.1" 304 - "http://localhost:3000/" "Mozilla/5.0 (Windows NT 6.1; WOW64) AppleWebKit/537.36 (KHTML, like Gecko) Chrome/42.0.2311.90 Safari/537.36"
::1 - - [Mon, 01 Jun 2015 05:56:36 GMT] "GET /stylesheets/bootstrap.min.css HTTP/1.1" 304 - "http://localhost:3000/" "Mozilla/5.0 (Windows NT 6.1; WOW64) AppleWebKit/537.36 (KHTML, like Gecko) Chrome/42.0.2311.90 Safari/537.36"
::1 - - [Mon, 01 Jun 2015 05:56:36 GMT] "GET /stylesheets/style.css HTTP/1.1" 304 - "http://localhost:3000/" "Mozilla/5.0 (Windows NT 6.1; WOW64) AppleWebKit/537.36 (KHTML, like Gecko) Chrome/42.0.2311.90 Safari/537.36"
::1 - - [Mon, 01 Jun 2015 05:56:36 GMT] "GET /javascripts/jquery-1.11.3.min.js HTTP/1.1" 304 - "http://localhost:3000/" "Mozilla/5.0 (Windows NT 6.1; WOW64) AppleWebKit/537.36 (KHTML, like Gecko) Chrome/42.0.2311.90 Safari/537.36"
::1 - - [Mon, 01 Jun 2015 05:56:36 GMT] "GET /javascripts/bootstrap.min.js HTTP/1.1" 304 - "http://localhost:3000/" "Mozilla/5.0 (Windows NT 6.1; WOW64) AppleWebKit/537.36 (KHTML, like Gecko) Chrome/42.0.2311.90 Safari/537.36"
::1 - - [Mon, 01 Jun 2015 05:56:38 GMT] "GET /reg HTTP/1.1" 302 58 "http://localhost:3000/" "Mozilla/5.0 (Windows NT 6.1; WOW64) AppleWebKit/537.36 (KHTML, like Gecko) Chrome/42.0.2311.90 Safari/537.36"
::1 - - [Mon, 01 Jun 2015 05:56:38 GMT] "GET / HTTP/1.1" 304 - "http://localhost:3000/" "Mozilla/5.0 (Windows NT 6.1; WOW64) AppleWebKit/537.36 (KHTML, like Gecko) Chrome/42.0.2311.90 Safari/537.36"
::1 - - [Mon, 01 Jun 2015 05:56:38 GMT] "GET /stylesheets/bootstrap.min.css HTTP/1.1" 304 - "http://localhost:3000/" "Mozilla/5.0 (Windows NT 6.1; WOW64) AppleWebKit/537.36 (KHTML, like Gecko) Chrome/42.0.2311.90 Safari/537.36"
::1 - - [Mon, 01 Jun 2015 05:56:38 GMT] "GET /stylesheets/style.css HTTP/1.1" 304 - "http://localhost:3000/" "Mozilla/5.0 (Windows NT 6.1; WOW64) AppleWebKit/537.36 (KHTML, like Gecko) Chrome/42.0.2311.90 Safari/537.36"
::1 - - [Mon, 01 Jun 2015 05:56:38 GMT] "GET /javascripts/jquery-1.11.3.min.js HTTP/1.1" 304 - "http://localhost:3000/" "Mozilla/5.0 (Windows NT 6.1; WOW64) AppleWebKit/537.36 (KHTML, like Gecko) Chrome/42.0.2311.90 Safari/537.36"
::1 - - [Mon, 01 Jun 2015 05:56:38 GMT] "GET /javascripts/bootstrap.min.js HTTP/1.1" 304 - "http://localhost:3000/" "Mozilla/5.0 (Windows NT 6.1; WOW64) AppleWebKit/537.36 (KHTML, like Gecko) Chrome/42.0.2311.90 Safari/537.36"
::1 - - [Mon, 01 Jun 2015 05:57:13 GMT] "GET /reg HTTP/1.1" 302 58 "http://localhost:3000/" "Mozilla/5.0 (Windows NT 6.1; WOW64) AppleWebKit/537.36 (KHTML, like Gecko) Chrome/42.0.2311.90 Safari/537.36"
::1 - - [Mon, 01 Jun 2015 05:57:13 GMT] "GET / HTTP/1.1" 304 - "http://localhost:3000/" "Mozilla/5.0 (Windows NT 6.1; WOW64) AppleWebKit/537.36 (KHTML, like Gecko) Chrome/42.0.2311.90 Safari/537.36"
::1 - - [Mon, 01 Jun 2015 05:57:13 GMT] "GET /stylesheets/bootstrap.min.css HTTP/1.1" 304 - "http://localhost:3000/" "Mozilla/5.0 (Windows NT 6.1; WOW64) AppleWebKit/537.36 (KHTML, like Gecko) Chrome/42.0.2311.90 Safari/537.36"
::1 - - [Mon, 01 Jun 2015 05:57:13 GMT] "GET /stylesheets/style.css HTTP/1.1" 304 - "http://localhost:3000/" "Mozilla/5.0 (Windows NT 6.1; WOW64) AppleWebKit/537.36 (KHTML, like Gecko) Chrome/42.0.2311.90 Safari/537.36"
::1 - - [Mon, 01 Jun 2015 05:57:13 GMT] "GET /javascripts/jquery-1.11.3.min.js HTTP/1.1" 304 - "http://localhost:3000/" "Mozilla/5.0 (Windows NT 6.1; WOW64) AppleWebKit/537.36 (KHTML, like Gecko) Chrome/42.0.2311.90 Safari/537.36"
::1 - - [Mon, 01 Jun 2015 05:57:13 GMT] "GET /javascripts/bootstrap.min.js HTTP/1.1" 304 - "http://localhost:3000/" "Mozilla/5.0 (Windows NT 6.1; WOW64) AppleWebKit/537.36 (KHTML, like Gecko) Chrome/42.0.2311.90 Safari/537.36"
::1 - - [Mon, 01 Jun 2015 05:57:14 GMT] "GET /logout HTTP/1.1" 302 58 "http://localhost:3000/" "Mozilla/5.0 (Windows NT 6.1; WOW64) AppleWebKit/537.36 (KHTML, like Gecko) Chrome/42.0.2311.90 Safari/537.36"
::1 - - [Mon, 01 Jun 2015 05:57:15 GMT] "GET / HTTP/1.1" 200 1755 "http://localhost:3000/" "Mozilla/5.0 (Windows NT 6.1; WOW64) AppleWebKit/537.36 (KHTML, like Gecko) Chrome/42.0.2311.90 Safari/537.36"
::1 - - [Mon, 01 Jun 2015 05:57:15 GMT] "GET /stylesheets/bootstrap.min.css HTTP/1.1" 304 - "http://localhost:3000/" "Mozilla/5.0 (Windows NT 6.1; WOW64) AppleWebKit/537.36 (KHTML, like Gecko) Chrome/42.0.2311.90 Safari/537.36"
::1 - - [Mon, 01 Jun 2015 05:57:15 GMT] "GET /stylesheets/style.css HTTP/1.1" 304 - "http://localhost:3000/" "Mozilla/5.0 (Windows NT 6.1; WOW64) AppleWebKit/537.36 (KHTML, like Gecko) Chrome/42.0.2311.90 Safari/537.36"
::1 - - [Mon, 01 Jun 2015 05:57:15 GMT] "GET /javascripts/jquery-1.11.3.min.js HTTP/1.1" 304 - "http://localhost:3000/" "Mozilla/5.0 (Windows NT 6.1; WOW64) AppleWebKit/537.36 (KHTML, like Gecko) Chrome/42.0.2311.90 Safari/537.36"
::1 - - [Mon, 01 Jun 2015 05:57:15 GMT] "GET /javascripts/bootstrap.min.js HTTP/1.1" 304 - "http://localhost:3000/" "Mozilla/5.0 (Windows NT 6.1; WOW64) AppleWebKit/537.36 (KHTML, like Gecko) Chrome/42.0.2311.90 Safari/537.36"
::1 - - [Mon, 01 Jun 2015 05:57:16 GMT] "GET /reg HTTP/1.1" 200 1952 "http://localhost:3000/" "Mozilla/5.0 (Windows NT 6.1; WOW64) AppleWebKit/537.36 (KHTML, like Gecko) Chrome/42.0.2311.90 Safari/537.36"
::1 - - [Mon, 01 Jun 2015 05:57:16 GMT] "GET /stylesheets/bootstrap.min.css HTTP/1.1" 304 - "http://localhost:3000/reg" "Mozilla/5.0 (Windows NT 6.1; WOW64) AppleWebKit/537.36 (KHTML, like Gecko) Chrome/42.0.2311.90 Safari/537.36"
::1 - - [Mon, 01 Jun 2015 05:57:16 GMT] "GET /stylesheets/style.css HTTP/1.1" 304 - "http://localhost:3000/reg" "Mozilla/5.0 (Windows NT 6.1; WOW64) AppleWebKit/537.36 (KHTML, like Gecko) Chrome/42.0.2311.90 Safari/537.36"
::1 - - [Mon, 01 Jun 2015 05:57:16 GMT] "GET /javascripts/jquery-1.11.3.min.js HTTP/1.1" 304 - "http://localhost:3000/reg" "Mozilla/5.0 (Windows NT 6.1; WOW64) AppleWebKit/537.36 (KHTML, like Gecko) Chrome/42.0.2311.90 Safari/537.36"
::1 - - [Mon, 01 Jun 2015 05:57:16 GMT] "GET /javascripts/bootstrap.min.js HTTP/1.1" 304 - "http://localhost:3000/reg" "Mozilla/5.0 (Windows NT 6.1; WOW64) AppleWebKit/537.36 (KHTML, like Gecko) Chrome/42.0.2311.90 Safari/537.36"
::1 - - [Mon, 01 Jun 2015 05:57:19 GMT] "GET /reg HTTP/1.1" 304 - "http://localhost:3000/" "Mozilla/5.0 (Windows NT 6.1; WOW64) AppleWebKit/537.36 (KHTML, like Gecko) Chrome/42.0.2311.90 Safari/537.36"
::1 - - [Mon, 01 Jun 2015 05:57:19 GMT] "GET /stylesheets/bootstrap.min.css HTTP/1.1" 304 - "http://localhost:3000/reg" "Mozilla/5.0 (Windows NT 6.1; WOW64) AppleWebKit/537.36 (KHTML, like Gecko) Chrome/42.0.2311.90 Safari/537.36"
::1 - - [Mon, 01 Jun 2015 05:57:19 GMT] "GET /stylesheets/style.css HTTP/1.1" 304 - "http://localhost:3000/reg" "Mozilla/5.0 (Windows NT 6.1; WOW64) AppleWebKit/537.36 (KHTML, like Gecko) Chrome/42.0.2311.90 Safari/537.36"
::1 - - [Mon, 01 Jun 2015 05:57:19 GMT] "GET /javascripts/jquery-1.11.3.min.js HTTP/1.1" 304 - "http://localhost:3000/reg" "Mozilla/5.0 (Windows NT 6.1; WOW64) AppleWebKit/537.36 (KHTML, like Gecko) Chrome/42.0.2311.90 Safari/537.36"
::1 - - [Mon, 01 Jun 2015 05:57:19 GMT] "GET /javascripts/bootstrap.min.js HTTP/1.1" 304 - "http://localhost:3000/reg" "Mozilla/5.0 (Windows NT 6.1; WOW64) AppleWebKit/537.36 (KHTML, like Gecko) Chrome/42.0.2311.90 Safari/537.36"
::1 - - [Mon, 01 Jun 2015 05:57:37 GMT] "POST /reg HTTP/1.1" 302 58 "http://localhost:3000/reg" "Mozilla/5.0 (Windows NT 6.1; WOW64) AppleWebKit/537.36 (KHTML, like Gecko) Chrome/42.0.2311.90 Safari/537.36"
::1 - - [Mon, 01 Jun 2015 05:57:38 GMT] "GET / HTTP/1.1" 200 1722 "http://localhost:3000/reg" "Mozilla/5.0 (Windows NT 6.1; WOW64) AppleWebKit/537.36 (KHTML, like Gecko) Chrome/42.0.2311.90 Safari/537.36"
::1 - - [Mon, 01 Jun 2015 05:57:38 GMT] "GET /stylesheets/bootstrap.min.css HTTP/1.1" 304 - "http://localhost:3000/" "Mozilla/5.0 (Windows NT 6.1; WOW64) AppleWebKit/537.36 (KHTML, like Gecko) Chrome/42.0.2311.90 Safari/537.36"
::1 - - [Mon, 01 Jun 2015 05:57:38 GMT] "GET /stylesheets/style.css HTTP/1.1" 304 - "http://localhost:3000/" "Mozilla/5.0 (Windows NT 6.1; WOW64) AppleWebKit/537.36 (KHTML, like Gecko) Chrome/42.0.2311.90 Safari/537.36"
::1 - - [Mon, 01 Jun 2015 05:57:38 GMT] "GET /javascripts/jquery-1.11.3.min.js HTTP/1.1" 304 - "http://localhost:3000/" "Mozilla/5.0 (Windows NT 6.1; WOW64) AppleWebKit/537.36 (KHTML, like Gecko) Chrome/42.0.2311.90 Safari/537.36"
::1 - - [Mon, 01 Jun 2015 05:57:38 GMT] "GET /javascripts/bootstrap.min.js HTTP/1.1" 304 - "http://localhost:3000/" "Mozilla/5.0 (Windows NT 6.1; WOW64) AppleWebKit/537.36 (KHTML, like Gecko) Chrome/42.0.2311.90 Safari/537.36"
::1 - - [Mon, 01 Jun 2015 06:03:30 GMT] "GET / HTTP/1.1" 500 2332 "http://localhost:3000/reg" "Mozilla/5.0 (Windows NT 6.1; WOW64) AppleWebKit/537.36 (KHTML, like Gecko) Chrome/42.0.2311.90 Safari/537.36"
::1 - - [Mon, 01 Jun 2015 06:03:31 GMT] "GET /stylesheets/bootstrap.min.css HTTP/1.1" 304 - "http://localhost:3000/" "Mozilla/5.0 (Windows NT 6.1; WOW64) AppleWebKit/537.36 (KHTML, like Gecko) Chrome/42.0.2311.90 Safari/537.36"
::1 - - [Mon, 01 Jun 2015 06:03:31 GMT] "GET /stylesheets/style.css HTTP/1.1" 304 - "http://localhost:3000/" "Mozilla/5.0 (Windows NT 6.1; WOW64) AppleWebKit/537.36 (KHTML, like Gecko) Chrome/42.0.2311.90 Safari/537.36"
::1 - - [Mon, 01 Jun 2015 06:03:31 GMT] "GET /javascripts/jquery-1.11.3.min.js HTTP/1.1" 304 - "http://localhost:3000/" "Mozilla/5.0 (Windows NT 6.1; WOW64) AppleWebKit/537.36 (KHTML, like Gecko) Chrome/42.0.2311.90 Safari/537.36"
::1 - - [Mon, 01 Jun 2015 06:03:31 GMT] "GET /javascripts/bootstrap.min.js HTTP/1.1" 304 - "http://localhost:3000/" "Mozilla/5.0 (Windows NT 6.1; WOW64) AppleWebKit/537.36 (KHTML, like Gecko) Chrome/42.0.2311.90 Safari/537.36"
::1 - - [Mon, 01 Jun 2015 06:03:48 GMT] "GET / HTTP/1.1" 500 2346 "http://localhost:3000/reg" "Mozilla/5.0 (Windows NT 6.1; WOW64) AppleWebKit/537.36 (KHTML, like Gecko) Chrome/42.0.2311.90 Safari/537.36"
::1 - - [Mon, 01 Jun 2015 06:03:48 GMT] "GET /stylesheets/bootstrap.min.css HTTP/1.1" 304 - "http://localhost:3000/" "Mozilla/5.0 (Windows NT 6.1; WOW64) AppleWebKit/537.36 (KHTML, like Gecko) Chrome/42.0.2311.90 Safari/537.36"
::1 - - [Mon, 01 Jun 2015 06:03:48 GMT] "GET /stylesheets/style.css HTTP/1.1" 304 - "http://localhost:3000/" "Mozilla/5.0 (Windows NT 6.1; WOW64) AppleWebKit/537.36 (KHTML, like Gecko) Chrome/42.0.2311.90 Safari/537.36"
::1 - - [Mon, 01 Jun 2015 06:03:48 GMT] "GET /javascripts/jquery-1.11.3.min.js HTTP/1.1" 304 - "http://localhost:3000/" "Mozilla/5.0 (Windows NT 6.1; WOW64) AppleWebKit/537.36 (KHTML, like Gecko) Chrome/42.0.2311.90 Safari/537.36"
::1 - - [Mon, 01 Jun 2015 06:03:48 GMT] "GET /javascripts/bootstrap.min.js HTTP/1.1" 304 - "http://localhost:3000/" "Mozilla/5.0 (Windows NT 6.1; WOW64) AppleWebKit/537.36 (KHTML, like Gecko) Chrome/42.0.2311.90 Safari/537.36"
::1 - - [Mon, 01 Jun 2015 06:04:33 GMT] "GET / HTTP/1.1" 500 2332 "http://localhost:3000/reg" "Mozilla/5.0 (Windows NT 6.1; WOW64) AppleWebKit/537.36 (KHTML, like Gecko) Chrome/42.0.2311.90 Safari/537.36"
::1 - - [Mon, 01 Jun 2015 06:04:33 GMT] "GET /stylesheets/bootstrap.min.css HTTP/1.1" 304 - "http://localhost:3000/" "Mozilla/5.0 (Windows NT 6.1; WOW64) AppleWebKit/537.36 (KHTML, like Gecko) Chrome/42.0.2311.90 Safari/537.36"
::1 - - [Mon, 01 Jun 2015 06:04:33 GMT] "GET /stylesheets/style.css HTTP/1.1" 304 - "http://localhost:3000/" "Mozilla/5.0 (Windows NT 6.1; WOW64) AppleWebKit/537.36 (KHTML, like Gecko) Chrome/42.0.2311.90 Safari/537.36"
::1 - - [Mon, 01 Jun 2015 06:04:33 GMT] "GET /javascripts/jquery-1.11.3.min.js HTTP/1.1" 304 - "http://localhost:3000/" "Mozilla/5.0 (Windows NT 6.1; WOW64) AppleWebKit/537.36 (KHTML, like Gecko) Chrome/42.0.2311.90 Safari/537.36"
::1 - - [Mon, 01 Jun 2015 06:04:33 GMT] "GET /javascripts/bootstrap.min.js HTTP/1.1" 304 - "http://localhost:3000/" "Mozilla/5.0 (Windows NT 6.1; WOW64) AppleWebKit/537.36 (KHTML, like Gecko) Chrome/42.0.2311.90 Safari/537.36"
::1 - - [Mon, 01 Jun 2015 06:04:56 GMT] "GET / HTTP/1.1" 200 1261 "http://localhost:3000/reg" "Mozilla/5.0 (Windows NT 6.1; WOW64) AppleWebKit/537.36 (KHTML, like Gecko) Chrome/42.0.2311.90 Safari/537.36"
::1 - - [Mon, 01 Jun 2015 06:04:56 GMT] "GET /stylesheets/bootstrap.min.css HTTP/1.1" 304 - "http://localhost:3000/" "Mozilla/5.0 (Windows NT 6.1; WOW64) AppleWebKit/537.36 (KHTML, like Gecko) Chrome/42.0.2311.90 Safari/537.36"
::1 - - [Mon, 01 Jun 2015 06:04:56 GMT] "GET /stylesheets/style.css HTTP/1.1" 304 - "http://localhost:3000/" "Mozilla/5.0 (Windows NT 6.1; WOW64) AppleWebKit/537.36 (KHTML, like Gecko) Chrome/42.0.2311.90 Safari/537.36"
::1 - - [Mon, 01 Jun 2015 06:04:56 GMT] "GET /javascripts/jquery-1.11.3.min.js HTTP/1.1" 304 - "http://localhost:3000/" "Mozilla/5.0 (Windows NT 6.1; WOW64) AppleWebKit/537.36 (KHTML, like Gecko) Chrome/42.0.2311.90 Safari/537.36"
::1 - - [Mon, 01 Jun 2015 06:04:56 GMT] "GET /javascripts/bootstrap.min.js HTTP/1.1" 304 - "http://localhost:3000/" "Mozilla/5.0 (Windows NT 6.1; WOW64) AppleWebKit/537.36 (KHTML, like Gecko) Chrome/42.0.2311.90 Safari/537.36"
::1 - - [Mon, 01 Jun 2015 06:05:00 GMT] "GET / HTTP/1.1" 304 - "http://localhost:3000/reg" "Mozilla/5.0 (Windows NT 6.1; WOW64) AppleWebKit/537.36 (KHTML, like Gecko) Chrome/42.0.2311.90 Safari/537.36"
::1 - - [Mon, 01 Jun 2015 06:05:00 GMT] "GET /stylesheets/bootstrap.min.css HTTP/1.1" 304 - "http://localhost:3000/" "Mozilla/5.0 (Windows NT 6.1; WOW64) AppleWebKit/537.36 (KHTML, like Gecko) Chrome/42.0.2311.90 Safari/537.36"
::1 - - [Mon, 01 Jun 2015 06:05:00 GMT] "GET /stylesheets/style.css HTTP/1.1" 304 - "http://localhost:3000/" "Mozilla/5.0 (Windows NT 6.1; WOW64) AppleWebKit/537.36 (KHTML, like Gecko) Chrome/42.0.2311.90 Safari/537.36"
::1 - - [Mon, 01 Jun 2015 06:05:00 GMT] "GET /javascripts/jquery-1.11.3.min.js HTTP/1.1" 304 - "http://localhost:3000/" "Mozilla/5.0 (Windows NT 6.1; WOW64) AppleWebKit/537.36 (KHTML, like Gecko) Chrome/42.0.2311.90 Safari/537.36"
::1 - - [Mon, 01 Jun 2015 06:05:00 GMT] "GET /javascripts/bootstrap.min.js HTTP/1.1" 304 - "http://localhost:3000/" "Mozilla/5.0 (Windows NT 6.1; WOW64) AppleWebKit/537.36 (KHTML, like Gecko) Chrome/42.0.2311.90 Safari/537.36"
::1 - - [Mon, 01 Jun 2015 06:05:37 GMT] "GET / HTTP/1.1" 304 - "http://localhost:3000/reg" "Mozilla/5.0 (Windows NT 6.1; WOW64) AppleWebKit/537.36 (KHTML, like Gecko) Chrome/42.0.2311.90 Safari/537.36"
::1 - - [Mon, 01 Jun 2015 06:05:38 GMT] "GET /stylesheets/bootstrap.min.css HTTP/1.1" 304 - "http://localhost:3000/" "Mozilla/5.0 (Windows NT 6.1; WOW64) AppleWebKit/537.36 (KHTML, like Gecko) Chrome/42.0.2311.90 Safari/537.36"
::1 - - [Mon, 01 Jun 2015 06:05:38 GMT] "GET /stylesheets/style.css HTTP/1.1" 304 - "http://localhost:3000/" "Mozilla/5.0 (Windows NT 6.1; WOW64) AppleWebKit/537.36 (KHTML, like Gecko) Chrome/42.0.2311.90 Safari/537.36"
::1 - - [Mon, 01 Jun 2015 06:05:38 GMT] "GET /javascripts/jquery-1.11.3.min.js HTTP/1.1" 304 - "http://localhost:3000/" "Mozilla/5.0 (Windows NT 6.1; WOW64) AppleWebKit/537.36 (KHTML, like Gecko) Chrome/42.0.2311.90 Safari/537.36"
::1 - - [Mon, 01 Jun 2015 06:05:38 GMT] "GET /javascripts/bootstrap.min.js HTTP/1.1" 304 - "http://localhost:3000/" "Mozilla/5.0 (Windows NT 6.1; WOW64) AppleWebKit/537.36 (KHTML, like Gecko) Chrome/42.0.2311.90 Safari/537.36"
::1 - - [Mon, 01 Jun 2015 06:05:42 GMT] "GET /stylesheets/bootstrap.min.css HTTP/1.1" 304 - "http://localhost:3000/" "Mozilla/5.0 (Windows NT 6.1; WOW64) AppleWebKit/537.36 (KHTML, like Gecko) Chrome/42.0.2311.90 Safari/537.36"
::1 - - [Mon, 01 Jun 2015 06:05:42 GMT] "GET /stylesheets/style.css HTTP/1.1" 304 - "http://localhost:3000/" "Mozilla/5.0 (Windows NT 6.1; WOW64) AppleWebKit/537.36 (KHTML, like Gecko) Chrome/42.0.2311.90 Safari/537.36"
::1 - - [Mon, 01 Jun 2015 06:07:41 GMT] "GET / HTTP/1.1" 200 1261 "http://localhost:3000/reg" "Mozilla/5.0 (Windows NT 6.1; WOW64) AppleWebKit/537.36 (KHTML, like Gecko) Chrome/42.0.2311.90 Safari/537.36"
::1 - - [Mon, 01 Jun 2015 06:07:41 GMT] "GET /stylesheets/style.css HTTP/1.1" 200 - "http://localhost:3000/" "Mozilla/5.0 (Windows NT 6.1; WOW64) AppleWebKit/537.36 (KHTML, like Gecko) Chrome/42.0.2311.90 Safari/537.36"
::1 - - [Mon, 01 Jun 2015 06:07:41 GMT] "GET /stylesheets/bootstrap.min.css HTTP/1.1" 200 117305 "http://localhost:3000/" "Mozilla/5.0 (Windows NT 6.1; WOW64) AppleWebKit/537.36 (KHTML, like Gecko) Chrome/42.0.2311.90 Safari/537.36"
::1 - - [Mon, 01 Jun 2015 06:07:41 GMT] "GET /javascripts/bootstrap.min.js HTTP/1.1" 200 35951 "http://localhost:3000/" "Mozilla/5.0 (Windows NT 6.1; WOW64) AppleWebKit/537.36 (KHTML, like Gecko) Chrome/42.0.2311.90 Safari/537.36"
::1 - - [Mon, 01 Jun 2015 06:07:41 GMT] "GET /javascripts/jquery-1.11.3.min.js HTTP/1.1" 200 95957 "http://localhost:3000/" "Mozilla/5.0 (Windows NT 6.1; WOW64) AppleWebKit/537.36 (KHTML, like Gecko) Chrome/42.0.2311.90 Safari/537.36"
::1 - - [Mon, 01 Jun 2015 06:07:45 GMT] "GET / HTTP/1.1" 304 - "http://localhost:3000/reg" "Mozilla/5.0 (Windows NT 6.1; WOW64) AppleWebKit/537.36 (KHTML, like Gecko) Chrome/42.0.2311.90 Safari/537.36"
::1 - - [Mon, 01 Jun 2015 06:07:45 GMT] "GET /stylesheets/bootstrap.min.css HTTP/1.1" 304 - "http://localhost:3000/" "Mozilla/5.0 (Windows NT 6.1; WOW64) AppleWebKit/537.36 (KHTML, like Gecko) Chrome/42.0.2311.90 Safari/537.36"
::1 - - [Mon, 01 Jun 2015 06:07:45 GMT] "GET /stylesheets/style.css HTTP/1.1" 304 - "http://localhost:3000/" "Mozilla/5.0 (Windows NT 6.1; WOW64) AppleWebKit/537.36 (KHTML, like Gecko) Chrome/42.0.2311.90 Safari/537.36"
::1 - - [Mon, 01 Jun 2015 06:07:45 GMT] "GET /javascripts/jquery-1.11.3.min.js HTTP/1.1" 304 - "http://localhost:3000/" "Mozilla/5.0 (Windows NT 6.1; WOW64) AppleWebKit/537.36 (KHTML, like Gecko) Chrome/42.0.2311.90 Safari/537.36"
::1 - - [Mon, 01 Jun 2015 06:07:45 GMT] "GET /javascripts/bootstrap.min.js HTTP/1.1" 304 - "http://localhost:3000/" "Mozilla/5.0 (Windows NT 6.1; WOW64) AppleWebKit/537.36 (KHTML, like Gecko) Chrome/42.0.2311.90 Safari/537.36"
::1 - - [Mon, 01 Jun 2015 06:07:48 GMT] "POST /post HTTP/1.1" 302 70 "http://localhost:3000/" "Mozilla/5.0 (Windows NT 6.1; WOW64) AppleWebKit/537.36 (KHTML, like Gecko) Chrome/42.0.2311.90 Safari/537.36"
::1 - - [Mon, 01 Jun 2015 06:07:49 GMT] "GET /u/haha HTTP/1.1" 500 2434 "http://localhost:3000/" "Mozilla/5.0 (Windows NT 6.1; WOW64) AppleWebKit/537.36 (KHTML, like Gecko) Chrome/42.0.2311.90 Safari/537.36"
::1 - - [Mon, 01 Jun 2015 06:07:49 GMT] "GET /stylesheets/bootstrap.min.css HTTP/1.1" 304 - "http://localhost:3000/u/haha" "Mozilla/5.0 (Windows NT 6.1; WOW64) AppleWebKit/537.36 (KHTML, like Gecko) Chrome/42.0.2311.90 Safari/537.36"
::1 - - [Mon, 01 Jun 2015 06:07:49 GMT] "GET /stylesheets/style.css HTTP/1.1" 304 - "http://localhost:3000/u/haha" "Mozilla/5.0 (Windows NT 6.1; WOW64) AppleWebKit/537.36 (KHTML, like Gecko) Chrome/42.0.2311.90 Safari/537.36"
::1 - - [Mon, 01 Jun 2015 06:07:49 GMT] "GET /javascripts/jquery-1.11.3.min.js HTTP/1.1" 304 - "http://localhost:3000/u/haha" "Mozilla/5.0 (Windows NT 6.1; WOW64) AppleWebKit/537.36 (KHTML, like Gecko) Chrome/42.0.2311.90 Safari/537.36"
::1 - - [Mon, 01 Jun 2015 06:07:49 GMT] "GET /javascripts/bootstrap.min.js HTTP/1.1" 304 - "http://localhost:3000/u/haha" "Mozilla/5.0 (Windows NT 6.1; WOW64) AppleWebKit/537.36 (KHTML, like Gecko) Chrome/42.0.2311.90 Safari/537.36"
::1 - - [Mon, 01 Jun 2015 06:09:08 GMT] "GET /u/haha HTTP/1.1" 500 2314 "http://localhost:3000/" "Mozilla/5.0 (Windows NT 6.1; WOW64) AppleWebKit/537.36 (KHTML, like Gecko) Chrome/42.0.2311.90 Safari/537.36"
::1 - - [Mon, 01 Jun 2015 06:09:08 GMT] "GET /stylesheets/bootstrap.min.css HTTP/1.1" 304 - "http://localhost:3000/u/haha" "Mozilla/5.0 (Windows NT 6.1; WOW64) AppleWebKit/537.36 (KHTML, like Gecko) Chrome/42.0.2311.90 Safari/537.36"
::1 - - [Mon, 01 Jun 2015 06:09:08 GMT] "GET /stylesheets/style.css HTTP/1.1" 304 - "http://localhost:3000/u/haha" "Mozilla/5.0 (Windows NT 6.1; WOW64) AppleWebKit/537.36 (KHTML, like Gecko) Chrome/42.0.2311.90 Safari/537.36"
::1 - - [Mon, 01 Jun 2015 06:09:08 GMT] "GET /javascripts/jquery-1.11.3.min.js HTTP/1.1" 304 - "http://localhost:3000/u/haha" "Mozilla/5.0 (Windows NT 6.1; WOW64) AppleWebKit/537.36 (KHTML, like Gecko) Chrome/42.0.2311.90 Safari/537.36"
::1 - - [Mon, 01 Jun 2015 06:09:08 GMT] "GET /javascripts/bootstrap.min.js HTTP/1.1" 304 - "http://localhost:3000/u/haha" "Mozilla/5.0 (Windows NT 6.1; WOW64) AppleWebKit/537.36 (KHTML, like Gecko) Chrome/42.0.2311.90 Safari/537.36"
::1 - - [Mon, 01 Jun 2015 06:09:18 GMT] "GET /stylesheets/bootstrap.min.css HTTP/1.1" 304 - "http://localhost:3000/" "Mozilla/5.0 (Windows NT 6.1; WOW64) AppleWebKit/537.36 (KHTML, like Gecko) Chrome/42.0.2311.90 Safari/537.36"
::1 - - [Mon, 01 Jun 2015 06:09:18 GMT] "GET /stylesheets/style.css HTTP/1.1" 304 - "http://localhost:3000/" "Mozilla/5.0 (Windows NT 6.1; WOW64) AppleWebKit/537.36 (KHTML, like Gecko) Chrome/42.0.2311.90 Safari/537.36"
::1 - - [Mon, 01 Jun 2015 06:12:00 GMT] "GET / HTTP/1.1" 500 1007 "http://localhost:3000/reg" "Mozilla/5.0 (Windows NT 6.1; WOW64) AppleWebKit/537.36 (KHTML, like Gecko) Chrome/42.0.2311.90 Safari/537.36"
::1 - - [Mon, 01 Jun 2015 06:12:50 GMT] "GET / HTTP/1.1" 200 1433 "http://localhost:3000/reg" "Mozilla/5.0 (Windows NT 6.1; WOW64) AppleWebKit/537.36 (KHTML, like Gecko) Chrome/42.0.2311.90 Safari/537.36"
::1 - - [Mon, 01 Jun 2015 06:12:50 GMT] "GET /stylesheets/bootstrap.min.css HTTP/1.1" 304 - "http://localhost:3000/" "Mozilla/5.0 (Windows NT 6.1; WOW64) AppleWebKit/537.36 (KHTML, like Gecko) Chrome/42.0.2311.90 Safari/537.36"
::1 - - [Mon, 01 Jun 2015 06:12:50 GMT] "GET /stylesheets/style.css HTTP/1.1" 200 29 "http://localhost:3000/" "Mozilla/5.0 (Windows NT 6.1; WOW64) AppleWebKit/537.36 (KHTML, like Gecko) Chrome/42.0.2311.90 Safari/537.36"
::1 - - [Mon, 01 Jun 2015 06:12:50 GMT] "GET /javascripts/jquery-1.11.3.min.js HTTP/1.1" 304 - "http://localhost:3000/" "Mozilla/5.0 (Windows NT 6.1; WOW64) AppleWebKit/537.36 (KHTML, like Gecko) Chrome/42.0.2311.90 Safari/537.36"
::1 - - [Mon, 01 Jun 2015 06:12:50 GMT] "GET /javascripts/bootstrap.min.js HTTP/1.1" 304 - "http://localhost:3000/" "Mozilla/5.0 (Windows NT 6.1; WOW64) AppleWebKit/537.36 (KHTML, like Gecko) Chrome/42.0.2311.90 Safari/537.36"
::1 - - [Mon, 01 Jun 2015 06:13:04 GMT] "POST /post HTTP/1.1" 302 70 "http://localhost:3000/" "Mozilla/5.0 (Windows NT 6.1; WOW64) AppleWebKit/537.36 (KHTML, like Gecko) Chrome/42.0.2311.90 Safari/537.36"
::1 - - [Mon, 01 Jun 2015 06:13:04 GMT] "GET /u/haha HTTP/1.1" 500 2314 "http://localhost:3000/" "Mozilla/5.0 (Windows NT 6.1; WOW64) AppleWebKit/537.36 (KHTML, like Gecko) Chrome/42.0.2311.90 Safari/537.36"
::1 - - [Mon, 01 Jun 2015 06:13:04 GMT] "GET /stylesheets/bootstrap.min.css HTTP/1.1" 304 - "http://localhost:3000/u/haha" "Mozilla/5.0 (Windows NT 6.1; WOW64) AppleWebKit/537.36 (KHTML, like Gecko) Chrome/42.0.2311.90 Safari/537.36"
::1 - - [Mon, 01 Jun 2015 06:13:04 GMT] "GET /stylesheets/style.css HTTP/1.1" 304 - "http://localhost:3000/u/haha" "Mozilla/5.0 (Windows NT 6.1; WOW64) AppleWebKit/537.36 (KHTML, like Gecko) Chrome/42.0.2311.90 Safari/537.36"
::1 - - [Mon, 01 Jun 2015 06:13:04 GMT] "GET /javascripts/jquery-1.11.3.min.js HTTP/1.1" 304 - "http://localhost:3000/u/haha" "Mozilla/5.0 (Windows NT 6.1; WOW64) AppleWebKit/537.36 (KHTML, like Gecko) Chrome/42.0.2311.90 Safari/537.36"
::1 - - [Mon, 01 Jun 2015 06:13:04 GMT] "GET /javascripts/bootstrap.min.js HTTP/1.1" 304 - "http://localhost:3000/u/haha" "Mozilla/5.0 (Windows NT 6.1; WOW64) AppleWebKit/537.36 (KHTML, like Gecko) Chrome/42.0.2311.90 Safari/537.36"
::1 - - [Mon, 01 Jun 2015 06:13:53 GMT] "POST /post HTTP/1.1" 302 70 "http://localhost:3000/" "Mozilla/5.0 (Windows NT 6.1; WOW64) AppleWebKit/537.36 (KHTML, like Gecko) Chrome/42.0.2311.90 Safari/537.36"
::1 - - [Mon, 01 Jun 2015 06:13:54 GMT] "GET /u/haha HTTP/1.1" 200 1824 "http://localhost:3000/" "Mozilla/5.0 (Windows NT 6.1; WOW64) AppleWebKit/537.36 (KHTML, like Gecko) Chrome/42.0.2311.90 Safari/537.36"
::1 - - [Mon, 01 Jun 2015 06:13:54 GMT] "GET /stylesheets/bootstrap.min.css HTTP/1.1" 304 - "http://localhost:3000/u/haha" "Mozilla/5.0 (Windows NT 6.1; WOW64) AppleWebKit/537.36 (KHTML, like Gecko) Chrome/42.0.2311.90 Safari/537.36"
::1 - - [Mon, 01 Jun 2015 06:13:54 GMT] "GET /stylesheets/style.css HTTP/1.1" 304 - "http://localhost:3000/u/haha" "Mozilla/5.0 (Windows NT 6.1; WOW64) AppleWebKit/537.36 (KHTML, like Gecko) Chrome/42.0.2311.90 Safari/537.36"
::1 - - [Mon, 01 Jun 2015 06:13:54 GMT] "GET /javascripts/jquery-1.11.3.min.js HTTP/1.1" 304 - "http://localhost:3000/u/haha" "Mozilla/5.0 (Windows NT 6.1; WOW64) AppleWebKit/537.36 (KHTML, like Gecko) Chrome/42.0.2311.90 Safari/537.36"
::1 - - [Mon, 01 Jun 2015 06:13:54 GMT] "GET /javascripts/bootstrap.min.js HTTP/1.1" 304 - "http://localhost:3000/u/haha" "Mozilla/5.0 (Windows NT 6.1; WOW64) AppleWebKit/537.36 (KHTML, like Gecko) Chrome/42.0.2311.90 Safari/537.36"
::1 - - [Mon, 01 Jun 2015 06:14:12 GMT] "GET /logout HTTP/1.1" 302 58 "http://localhost:3000/u/haha" "Mozilla/5.0 (Windows NT 6.1; WOW64) AppleWebKit/537.36 (KHTML, like Gecko) Chrome/42.0.2311.90 Safari/537.36"
::1 - - [Mon, 01 Jun 2015 06:14:12 GMT] "GET / HTTP/1.1" 200 1818 "http://localhost:3000/u/haha" "Mozilla/5.0 (Windows NT 6.1; WOW64) AppleWebKit/537.36 (KHTML, like Gecko) Chrome/42.0.2311.90 Safari/537.36"
::1 - - [Mon, 01 Jun 2015 06:14:12 GMT] "GET /stylesheets/bootstrap.min.css HTTP/1.1" 304 - "http://localhost:3000/" "Mozilla/5.0 (Windows NT 6.1; WOW64) AppleWebKit/537.36 (KHTML, like Gecko) Chrome/42.0.2311.90 Safari/537.36"
::1 - - [Mon, 01 Jun 2015 06:14:12 GMT] "GET /stylesheets/style.css HTTP/1.1" 304 - "http://localhost:3000/" "Mozilla/5.0 (Windows NT 6.1; WOW64) AppleWebKit/537.36 (KHTML, like Gecko) Chrome/42.0.2311.90 Safari/537.36"
::1 - - [Mon, 01 Jun 2015 06:14:12 GMT] "GET /javascripts/bootstrap.min.js HTTP/1.1" 304 - "http://localhost:3000/" "Mozilla/5.0 (Windows NT 6.1; WOW64) AppleWebKit/537.36 (KHTML, like Gecko) Chrome/42.0.2311.90 Safari/537.36"
::1 - - [Mon, 01 Jun 2015 06:14:12 GMT] "GET /javascripts/jquery-1.11.3.min.js HTTP/1.1" 304 - "http://localhost:3000/" "Mozilla/5.0 (Windows NT 6.1; WOW64) AppleWebKit/537.36 (KHTML, like Gecko) Chrome/42.0.2311.90 Safari/537.36"
::1 - - [Mon, 01 Jun 2015 06:14:16 GMT] "GET /login HTTP/1.1" 200 1662 "http://localhost:3000/" "Mozilla/5.0 (Windows NT 6.1; WOW64) AppleWebKit/537.36 (KHTML, like Gecko) Chrome/42.0.2311.90 Safari/537.36"
::1 - - [Mon, 01 Jun 2015 06:14:16 GMT] "GET /stylesheets/bootstrap.min.css HTTP/1.1" 304 - "http://localhost:3000/login" "Mozilla/5.0 (Windows NT 6.1; WOW64) AppleWebKit/537.36 (KHTML, like Gecko) Chrome/42.0.2311.90 Safari/537.36"
::1 - - [Mon, 01 Jun 2015 06:14:16 GMT] "GET /stylesheets/style.css HTTP/1.1" 304 - "http://localhost:3000/login" "Mozilla/5.0 (Windows NT 6.1; WOW64) AppleWebKit/537.36 (KHTML, like Gecko) Chrome/42.0.2311.90 Safari/537.36"
::1 - - [Mon, 01 Jun 2015 06:14:16 GMT] "GET /javascripts/bootstrap.min.js HTTP/1.1" 304 - "http://localhost:3000/login" "Mozilla/5.0 (Windows NT 6.1; WOW64) AppleWebKit/537.36 (KHTML, like Gecko) Chrome/42.0.2311.90 Safari/537.36"
::1 - - [Mon, 01 Jun 2015 06:14:16 GMT] "GET /javascripts/jquery-1.11.3.min.js HTTP/1.1" 304 - "http://localhost:3000/login" "Mozilla/5.0 (Windows NT 6.1; WOW64) AppleWebKit/537.36 (KHTML, like Gecko) Chrome/42.0.2311.90 Safari/537.36"
::1 - - [Mon, 01 Jun 2015 06:14:18 GMT] "POST /login HTTP/1.1" 302 58 "http://localhost:3000/login" "Mozilla/5.0 (Windows NT 6.1; WOW64) AppleWebKit/537.36 (KHTML, like Gecko) Chrome/42.0.2311.90 Safari/537.36"
::1 - - [Mon, 01 Jun 2015 06:14:18 GMT] "GET / HTTP/1.1" 200 1739 "http://localhost:3000/login" "Mozilla/5.0 (Windows NT 6.1; WOW64) AppleWebKit/537.36 (KHTML, like Gecko) Chrome/42.0.2311.90 Safari/537.36"
::1 - - [Mon, 01 Jun 2015 06:14:18 GMT] "GET /stylesheets/bootstrap.min.css HTTP/1.1" 304 - "http://localhost:3000/" "Mozilla/5.0 (Windows NT 6.1; WOW64) AppleWebKit/537.36 (KHTML, like Gecko) Chrome/42.0.2311.90 Safari/537.36"
::1 - - [Mon, 01 Jun 2015 06:14:18 GMT] "GET /stylesheets/style.css HTTP/1.1" 304 - "http://localhost:3000/" "Mozilla/5.0 (Windows NT 6.1; WOW64) AppleWebKit/537.36 (KHTML, like Gecko) Chrome/42.0.2311.90 Safari/537.36"
::1 - - [Mon, 01 Jun 2015 06:14:18 GMT] "GET /javascripts/jquery-1.11.3.min.js HTTP/1.1" 304 - "http://localhost:3000/" "Mozilla/5.0 (Windows NT 6.1; WOW64) AppleWebKit/537.36 (KHTML, like Gecko) Chrome/42.0.2311.90 Safari/537.36"
::1 - - [Mon, 01 Jun 2015 06:14:18 GMT] "GET /javascripts/bootstrap.min.js HTTP/1.1" 304 - "http://localhost:3000/" "Mozilla/5.0 (Windows NT 6.1; WOW64) AppleWebKit/537.36 (KHTML, like Gecko) Chrome/42.0.2311.90 Safari/537.36"
::1 - - [Mon, 01 Jun 2015 06:14:22 GMT] "POST /post HTTP/1.1" 302 72 "http://localhost:3000/" "Mozilla/5.0 (Windows NT 6.1; WOW64) AppleWebKit/537.36 (KHTML, like Gecko) Chrome/42.0.2311.90 Safari/537.36"
::1 - - [Mon, 01 Jun 2015 06:14:22 GMT] "GET /u/yehan HTTP/1.1" 200 1527 "http://localhost:3000/" "Mozilla/5.0 (Windows NT 6.1; WOW64) AppleWebKit/537.36 (KHTML, like Gecko) Chrome/42.0.2311.90 Safari/537.36"
::1 - - [Mon, 01 Jun 2015 06:14:22 GMT] "GET /stylesheets/bootstrap.min.css HTTP/1.1" 304 - "http://localhost:3000/u/yehan" "Mozilla/5.0 (Windows NT 6.1; WOW64) AppleWebKit/537.36 (KHTML, like Gecko) Chrome/42.0.2311.90 Safari/537.36"
::1 - - [Mon, 01 Jun 2015 06:14:22 GMT] "GET /stylesheets/style.css HTTP/1.1" 304 - "http://localhost:3000/u/yehan" "Mozilla/5.0 (Windows NT 6.1; WOW64) AppleWebKit/537.36 (KHTML, like Gecko) Chrome/42.0.2311.90 Safari/537.36"
::1 - - [Mon, 01 Jun 2015 06:14:22 GMT] "GET /javascripts/jquery-1.11.3.min.js HTTP/1.1" 304 - "http://localhost:3000/u/yehan" "Mozilla/5.0 (Windows NT 6.1; WOW64) AppleWebKit/537.36 (KHTML, like Gecko) Chrome/42.0.2311.90 Safari/537.36"
::1 - - [Mon, 01 Jun 2015 06:14:22 GMT] "GET /javascripts/bootstrap.min.js HTTP/1.1" 304 - "http://localhost:3000/u/yehan" "Mozilla/5.0 (Windows NT 6.1; WOW64) AppleWebKit/537.36 (KHTML, like Gecko) Chrome/42.0.2311.90 Safari/537.36"
::1 - - [Mon, 01 Jun 2015 06:15:19 GMT] "GET /u/yehan HTTP/1.1" 500 2581 "http://localhost:3000/" "Mozilla/5.0 (Windows NT 6.1; WOW64) AppleWebKit/537.36 (KHTML, like Gecko) Chrome/42.0.2311.90 Safari/537.36"
::1 - - [Mon, 01 Jun 2015 06:15:20 GMT] "GET /stylesheets/bootstrap.min.css HTTP/1.1" 304 - "http://localhost:3000/u/yehan" "Mozilla/5.0 (Windows NT 6.1; WOW64) AppleWebKit/537.36 (KHTML, like Gecko) Chrome/42.0.2311.90 Safari/537.36"
::1 - - [Mon, 01 Jun 2015 06:15:20 GMT] "GET /stylesheets/style.css HTTP/1.1" 304 - "http://localhost:3000/u/yehan" "Mozilla/5.0 (Windows NT 6.1; WOW64) AppleWebKit/537.36 (KHTML, like Gecko) Chrome/42.0.2311.90 Safari/537.36"
::1 - - [Mon, 01 Jun 2015 06:15:20 GMT] "GET /javascripts/jquery-1.11.3.min.js HTTP/1.1" 304 - "http://localhost:3000/u/yehan" "Mozilla/5.0 (Windows NT 6.1; WOW64) AppleWebKit/537.36 (KHTML, like Gecko) Chrome/42.0.2311.90 Safari/537.36"
::1 - - [Mon, 01 Jun 2015 06:15:20 GMT] "GET /javascripts/bootstrap.min.js HTTP/1.1" 304 - "http://localhost:3000/u/yehan" "Mozilla/5.0 (Windows NT 6.1; WOW64) AppleWebKit/537.36 (KHTML, like Gecko) Chrome/42.0.2311.90 Safari/537.36"
::1 - - [Mon, 01 Jun 2015 06:16:25 GMT] "GET /u/yehan HTTP/1.1" 200 1289 "http://localhost:3000/" "Mozilla/5.0 (Windows NT 6.1; WOW64) AppleWebKit/537.36 (KHTML, like Gecko) Chrome/42.0.2311.90 Safari/537.36"
::1 - - [Mon, 01 Jun 2015 06:16:25 GMT] "GET /stylesheets/bootstrap.min.css HTTP/1.1" 304 - "http://localhost:3000/u/yehan" "Mozilla/5.0 (Windows NT 6.1; WOW64) AppleWebKit/537.36 (KHTML, like Gecko) Chrome/42.0.2311.90 Safari/537.36"
::1 - - [Mon, 01 Jun 2015 06:16:25 GMT] "GET /stylesheets/style.css HTTP/1.1" 304 - "http://localhost:3000/u/yehan" "Mozilla/5.0 (Windows NT 6.1; WOW64) AppleWebKit/537.36 (KHTML, like Gecko) Chrome/42.0.2311.90 Safari/537.36"
::1 - - [Mon, 01 Jun 2015 06:16:26 GMT] "GET /javascripts/jquery-1.11.3.min.js HTTP/1.1" 304 - "http://localhost:3000/u/yehan" "Mozilla/5.0 (Windows NT 6.1; WOW64) AppleWebKit/537.36 (KHTML, like Gecko) Chrome/42.0.2311.90 Safari/537.36"
::1 - - [Mon, 01 Jun 2015 06:16:26 GMT] "GET /javascripts/bootstrap.min.js HTTP/1.1" 304 - "http://localhost:3000/u/yehan" "Mozilla/5.0 (Windows NT 6.1; WOW64) AppleWebKit/537.36 (KHTML, like Gecko) Chrome/42.0.2311.90 Safari/537.36"
::1 - - [Mon, 01 Jun 2015 06:16:48 GMT] "GET /stylesheets/bootstrap.min.css HTTP/1.1" 304 - "http://localhost:3000/u/yehan" "Mozilla/5.0 (Windows NT 6.1; WOW64) AppleWebKit/537.36 (KHTML, like Gecko) Chrome/42.0.2311.90 Safari/537.36"
::1 - - [Mon, 01 Jun 2015 06:16:48 GMT] "GET /stylesheets/style.css HTTP/1.1" 304 - "http://localhost:3000/u/yehan" "Mozilla/5.0 (Windows NT 6.1; WOW64) AppleWebKit/537.36 (KHTML, like Gecko) Chrome/42.0.2311.90 Safari/537.36"
::1 - - [Mon, 01 Jun 2015 06:17:26 GMT] "POST /post HTTP/1.1" 302 72 "http://localhost:3000/u/yehan" "Mozilla/5.0 (Windows NT 6.1; WOW64) AppleWebKit/537.36 (KHTML, like Gecko) Chrome/42.0.2311.90 Safari/537.36"
::1 - - [Mon, 01 Jun 2015 06:17:26 GMT] "GET /u/yehan HTTP/1.1" 304 - "http://localhost:3000/u/yehan" "Mozilla/5.0 (Windows NT 6.1; WOW64) AppleWebKit/537.36 (KHTML, like Gecko) Chrome/42.0.2311.90 Safari/537.36"
::1 - - [Mon, 01 Jun 2015 06:17:26 GMT] "GET /stylesheets/bootstrap.min.css HTTP/1.1" 304 - "http://localhost:3000/u/yehan" "Mozilla/5.0 (Windows NT 6.1; WOW64) AppleWebKit/537.36 (KHTML, like Gecko) Chrome/42.0.2311.90 Safari/537.36"
::1 - - [Mon, 01 Jun 2015 06:17:26 GMT] "GET /stylesheets/style.css HTTP/1.1" 304 - "http://localhost:3000/u/yehan" "Mozilla/5.0 (Windows NT 6.1; WOW64) AppleWebKit/537.36 (KHTML, like Gecko) Chrome/42.0.2311.90 Safari/537.36"
::1 - - [Mon, 01 Jun 2015 06:17:26 GMT] "GET /javascripts/jquery-1.11.3.min.js HTTP/1.1" 304 - "http://localhost:3000/u/yehan" "Mozilla/5.0 (Windows NT 6.1; WOW64) AppleWebKit/537.36 (KHTML, like Gecko) Chrome/42.0.2311.90 Safari/537.36"
::1 - - [Mon, 01 Jun 2015 06:17:26 GMT] "GET /javascripts/bootstrap.min.js HTTP/1.1" 304 - "http://localhost:3000/u/yehan" "Mozilla/5.0 (Windows NT 6.1; WOW64) AppleWebKit/537.36 (KHTML, like Gecko) Chrome/42.0.2311.90 Safari/537.36"
::1 - - [Mon, 01 Jun 2015 06:17:45 GMT] "GET /u/yehan HTTP/1.1" 200 1652 "http://localhost:3000/u/yehan" "Mozilla/5.0 (Windows NT 6.1; WOW64) AppleWebKit/537.36 (KHTML, like Gecko) Chrome/42.0.2311.90 Safari/537.36"
::1 - - [Mon, 01 Jun 2015 06:17:45 GMT] "GET /stylesheets/bootstrap.min.css HTTP/1.1" 304 - "http://localhost:3000/u/yehan" "Mozilla/5.0 (Windows NT 6.1; WOW64) AppleWebKit/537.36 (KHTML, like Gecko) Chrome/42.0.2311.90 Safari/537.36"
::1 - - [Mon, 01 Jun 2015 06:17:45 GMT] "GET /stylesheets/style.css HTTP/1.1" 304 - "http://localhost:3000/u/yehan" "Mozilla/5.0 (Windows NT 6.1; WOW64) AppleWebKit/537.36 (KHTML, like Gecko) Chrome/42.0.2311.90 Safari/537.36"
::1 - - [Mon, 01 Jun 2015 06:17:45 GMT] "GET /javascripts/jquery-1.11.3.min.js HTTP/1.1" 304 - "http://localhost:3000/u/yehan" "Mozilla/5.0 (Windows NT 6.1; WOW64) AppleWebKit/537.36 (KHTML, like Gecko) Chrome/42.0.2311.90 Safari/537.36"
::1 - - [Mon, 01 Jun 2015 06:17:45 GMT] "GET /javascripts/bootstrap.min.js HTTP/1.1" 304 - "http://localhost:3000/u/yehan" "Mozilla/5.0 (Windows NT 6.1; WOW64) AppleWebKit/537.36 (KHTML, like Gecko) Chrome/42.0.2311.90 Safari/537.36"
::1 - - [Mon, 01 Jun 2015 06:17:59 GMT] "GET /stylesheets/bootstrap.min.css HTTP/1.1" 304 - "http://localhost:3000/u/yehan" "Mozilla/5.0 (Windows NT 6.1; WOW64) AppleWebKit/537.36 (KHTML, like Gecko) Chrome/42.0.2311.90 Safari/537.36"
::1 - - [Mon, 01 Jun 2015 06:17:59 GMT] "GET /stylesheets/style.css HTTP/1.1" 304 - "http://localhost:3000/u/yehan" "Mozilla/5.0 (Windows NT 6.1; WOW64) AppleWebKit/537.36 (KHTML, like Gecko) Chrome/42.0.2311.90 Safari/537.36"
::1 - - [Mon, 01 Jun 2015 06:18:30 GMT] "GET /u/yehan HTTP/1.1" 200 1534 "http://localhost:3000/u/yehan" "Mozilla/5.0 (Windows NT 6.1; WOW64) AppleWebKit/537.36 (KHTML, like Gecko) Chrome/42.0.2311.90 Safari/537.36"
::1 - - [Mon, 01 Jun 2015 06:18:30 GMT] "GET /stylesheets/bootstrap.min.css HTTP/1.1" 304 - "http://localhost:3000/u/yehan" "Mozilla/5.0 (Windows NT 6.1; WOW64) AppleWebKit/537.36 (KHTML, like Gecko) Chrome/42.0.2311.90 Safari/537.36"
::1 - - [Mon, 01 Jun 2015 06:18:30 GMT] "GET /stylesheets/style.css HTTP/1.1" 304 - "http://localhost:3000/u/yehan" "Mozilla/5.0 (Windows NT 6.1; WOW64) AppleWebKit/537.36 (KHTML, like Gecko) Chrome/42.0.2311.90 Safari/537.36"
::1 - - [Mon, 01 Jun 2015 06:18:30 GMT] "GET /javascripts/jquery-1.11.3.min.js HTTP/1.1" 304 - "http://localhost:3000/u/yehan" "Mozilla/5.0 (Windows NT 6.1; WOW64) AppleWebKit/537.36 (KHTML, like Gecko) Chrome/42.0.2311.90 Safari/537.36"
::1 - - [Mon, 01 Jun 2015 06:18:30 GMT] "GET /javascripts/bootstrap.min.js HTTP/1.1" 304 - "http://localhost:3000/u/yehan" "Mozilla/5.0 (Windows NT 6.1; WOW64) AppleWebKit/537.36 (KHTML, like Gecko) Chrome/42.0.2311.90 Safari/537.36"
::1 - - [Mon, 01 Jun 2015 06:18:34 GMT] "GET /u/yehan HTTP/1.1" 304 - "http://localhost:3000/u/yehan" "Mozilla/5.0 (Windows NT 6.1; WOW64) AppleWebKit/537.36 (KHTML, like Gecko) Chrome/42.0.2311.90 Safari/537.36"
::1 - - [Mon, 01 Jun 2015 06:18:34 GMT] "GET /stylesheets/bootstrap.min.css HTTP/1.1" 304 - "http://localhost:3000/u/yehan" "Mozilla/5.0 (Windows NT 6.1; WOW64) AppleWebKit/537.36 (KHTML, like Gecko) Chrome/42.0.2311.90 Safari/537.36"
::1 - - [Mon, 01 Jun 2015 06:18:34 GMT] "GET /stylesheets/style.css HTTP/1.1" 304 - "http://localhost:3000/u/yehan" "Mozilla/5.0 (Windows NT 6.1; WOW64) AppleWebKit/537.36 (KHTML, like Gecko) Chrome/42.0.2311.90 Safari/537.36"
::1 - - [Mon, 01 Jun 2015 06:18:34 GMT] "GET /javascripts/jquery-1.11.3.min.js HTTP/1.1" 304 - "http://localhost:3000/u/yehan" "Mozilla/5.0 (Windows NT 6.1; WOW64) AppleWebKit/537.36 (KHTML, like Gecko) Chrome/42.0.2311.90 Safari/537.36"
::1 - - [Mon, 01 Jun 2015 06:18:34 GMT] "GET /javascripts/bootstrap.min.js HTTP/1.1" 304 - "http://localhost:3000/u/yehan" "Mozilla/5.0 (Windows NT 6.1; WOW64) AppleWebKit/537.36 (KHTML, like Gecko) Chrome/42.0.2311.90 Safari/537.36"
::1 - - [Mon, 01 Jun 2015 06:18:38 GMT] "GET /stylesheets/bootstrap.min.css HTTP/1.1" 304 - "http://localhost:3000/u/yehan" "Mozilla/5.0 (Windows NT 6.1; WOW64) AppleWebKit/537.36 (KHTML, like Gecko) Chrome/42.0.2311.90 Safari/537.36"
::1 - - [Mon, 01 Jun 2015 06:18:38 GMT] "GET /stylesheets/style.css HTTP/1.1" 304 - "http://localhost:3000/u/yehan" "Mozilla/5.0 (Windows NT 6.1; WOW64) AppleWebKit/537.36 (KHTML, like Gecko) Chrome/42.0.2311.90 Safari/537.36"
::1 - - [Mon, 01 Jun 2015 06:19:28 GMT] "GET /u/yehan HTTP/1.1" 200 1534 "http://localhost:3000/u/yehan" "Mozilla/5.0 (Windows NT 6.1; WOW64) AppleWebKit/537.36 (KHTML, like Gecko) Chrome/42.0.2311.90 Safari/537.36"
::1 - - [Mon, 01 Jun 2015 06:19:28 GMT] "GET /javascripts/bootstrap.min.js HTTP/1.1" 200 35951 "http://localhost:3000/u/yehan" "Mozilla/5.0 (Windows NT 6.1; WOW64) AppleWebKit/537.36 (KHTML, like Gecko) Chrome/42.0.2311.90 Safari/537.36"
::1 - - [Mon, 01 Jun 2015 06:19:28 GMT] "GET /stylesheets/style.css HTTP/1.1" 200 29 "http://localhost:3000/u/yehan" "Mozilla/5.0 (Windows NT 6.1; WOW64) AppleWebKit/537.36 (KHTML, like Gecko) Chrome/42.0.2311.90 Safari/537.36"
::1 - - [Mon, 01 Jun 2015 06:19:28 GMT] "GET /stylesheets/bootstrap.min.css HTTP/1.1" 200 117305 "http://localhost:3000/u/yehan" "Mozilla/5.0 (Windows NT 6.1; WOW64) AppleWebKit/537.36 (KHTML, like Gecko) Chrome/42.0.2311.90 Safari/537.36"
::1 - - [Mon, 01 Jun 2015 06:19:28 GMT] "GET /javascripts/jquery-1.11.3.min.js HTTP/1.1" 200 95957 "http://localhost:3000/u/yehan" "Mozilla/5.0 (Windows NT 6.1; WOW64) AppleWebKit/537.36 (KHTML, like Gecko) Chrome/42.0.2311.90 Safari/537.36"
::1 - - [Mon, 01 Jun 2015 06:19:37 GMT] "GET / HTTP/1.1" 200 1955 "http://localhost:3000/u/yehan" "Mozilla/5.0 (Windows NT 6.1; WOW64) AppleWebKit/537.36 (KHTML, like Gecko) Chrome/42.0.2311.90 Safari/537.36"
::1 - - [Mon, 01 Jun 2015 06:19:38 GMT] "GET /stylesheets/bootstrap.min.css HTTP/1.1" 304 - "http://localhost:3000/" "Mozilla/5.0 (Windows NT 6.1; WOW64) AppleWebKit/537.36 (KHTML, like Gecko) Chrome/42.0.2311.90 Safari/537.36"
::1 - - [Mon, 01 Jun 2015 06:19:38 GMT] "GET /stylesheets/style.css HTTP/1.1" 304 - "http://localhost:3000/" "Mozilla/5.0 (Windows NT 6.1; WOW64) AppleWebKit/537.36 (KHTML, like Gecko) Chrome/42.0.2311.90 Safari/537.36"
::1 - - [Mon, 01 Jun 2015 06:19:38 GMT] "GET /javascripts/jquery-1.11.3.min.js HTTP/1.1" 304 - "http://localhost:3000/" "Mozilla/5.0 (Windows NT 6.1; WOW64) AppleWebKit/537.36 (KHTML, like Gecko) Chrome/42.0.2311.90 Safari/537.36"
::1 - - [Mon, 01 Jun 2015 06:19:38 GMT] "GET /javascripts/bootstrap.min.js HTTP/1.1" 304 - "http://localhost:3000/" "Mozilla/5.0 (Windows NT 6.1; WOW64) AppleWebKit/537.36 (KHTML, like Gecko) Chrome/42.0.2311.90 Safari/537.36"
::1 - - [Mon, 01 Jun 2015 06:30:00 GMT] "GET / HTTP/1.1" 304 - "http://localhost:3000/u/yehan" "Mozilla/5.0 (Windows NT 6.1; WOW64) AppleWebKit/537.36 (KHTML, like Gecko) Chrome/42.0.2311.90 Safari/537.36"
::1 - - [Mon, 01 Jun 2015 06:30:00 GMT] "GET /stylesheets/bootstrap.min.css HTTP/1.1" 304 - "http://localhost:3000/" "Mozilla/5.0 (Windows NT 6.1; WOW64) AppleWebKit/537.36 (KHTML, like Gecko) Chrome/42.0.2311.90 Safari/537.36"
::1 - - [Mon, 01 Jun 2015 06:30:00 GMT] "GET /stylesheets/style.css HTTP/1.1" 304 - "http://localhost:3000/" "Mozilla/5.0 (Windows NT 6.1; WOW64) AppleWebKit/537.36 (KHTML, like Gecko) Chrome/42.0.2311.90 Safari/537.36"
::1 - - [Mon, 01 Jun 2015 06:30:00 GMT] "GET /javascripts/jquery-1.11.3.min.js HTTP/1.1" 304 - "http://localhost:3000/" "Mozilla/5.0 (Windows NT 6.1; WOW64) AppleWebKit/537.36 (KHTML, like Gecko) Chrome/42.0.2311.90 Safari/537.36"
::1 - - [Mon, 01 Jun 2015 06:30:00 GMT] "GET /javascripts/bootstrap.min.js HTTP/1.1" 304 - "http://localhost:3000/" "Mozilla/5.0 (Windows NT 6.1; WOW64) AppleWebKit/537.36 (KHTML, like Gecko) Chrome/42.0.2311.90 Safari/537.36"
::1 - - [Mon, 01 Jun 2015 06:30:09 GMT] "GET /stylesheets/bootstrap.min.css HTTP/1.1" 304 - "http://localhost:3000/" "Mozilla/5.0 (Windows NT 6.1; WOW64) AppleWebKit/537.36 (KHTML, like Gecko) Chrome/42.0.2311.90 Safari/537.36"
::1 - - [Mon, 01 Jun 2015 06:30:09 GMT] "GET /stylesheets/style.css HTTP/1.1" 304 - "http://localhost:3000/" "Mozilla/5.0 (Windows NT 6.1; WOW64) AppleWebKit/537.36 (KHTML, like Gecko) Chrome/42.0.2311.90 Safari/537.36"
::1 - - [Mon, 01 Jun 2015 06:31:17 GMT] "GET / HTTP/1.1" 500 2694 "http://localhost:3000/u/yehan" "Mozilla/5.0 (Windows NT 6.1; WOW64) AppleWebKit/537.36 (KHTML, like Gecko) Chrome/42.0.2311.90 Safari/537.36"
::1 - - [Mon, 01 Jun 2015 06:31:17 GMT] "GET /stylesheets/style.css HTTP/1.1" 200 29 "http://localhost:3000/" "Mozilla/5.0 (Windows NT 6.1; WOW64) AppleWebKit/537.36 (KHTML, like Gecko) Chrome/42.0.2311.90 Safari/537.36"
::1 - - [Mon, 01 Jun 2015 06:31:17 GMT] "GET /stylesheets/bootstrap.min.css HTTP/1.1" 200 117305 "http://localhost:3000/" "Mozilla/5.0 (Windows NT 6.1; WOW64) AppleWebKit/537.36 (KHTML, like Gecko) Chrome/42.0.2311.90 Safari/537.36"
::1 - - [Mon, 01 Jun 2015 06:31:17 GMT] "GET /javascripts/bootstrap.min.js HTTP/1.1" 200 35951 "http://localhost:3000/" "Mozilla/5.0 (Windows NT 6.1; WOW64) AppleWebKit/537.36 (KHTML, like Gecko) Chrome/42.0.2311.90 Safari/537.36"
::1 - - [Mon, 01 Jun 2015 06:31:17 GMT] "GET /javascripts/jquery-1.11.3.min.js HTTP/1.1" 200 95957 "http://localhost:3000/" "Mozilla/5.0 (Windows NT 6.1; WOW64) AppleWebKit/537.36 (KHTML, like Gecko) Chrome/42.0.2311.90 Safari/537.36"
::1 - - [Mon, 01 Jun 2015 06:31:51 GMT] "GET / HTTP/1.1" 200 1984 "http://localhost:3000/u/yehan" "Mozilla/5.0 (Windows NT 6.1; WOW64) AppleWebKit/537.36 (KHTML, like Gecko) Chrome/42.0.2311.90 Safari/537.36"
::1 - - [Mon, 01 Jun 2015 06:31:51 GMT] "GET /stylesheets/bootstrap.min.css HTTP/1.1" 304 - "http://localhost:3000/" "Mozilla/5.0 (Windows NT 6.1; WOW64) AppleWebKit/537.36 (KHTML, like Gecko) Chrome/42.0.2311.90 Safari/537.36"
::1 - - [Mon, 01 Jun 2015 06:31:51 GMT] "GET /stylesheets/style.css HTTP/1.1" 304 - "http://localhost:3000/" "Mozilla/5.0 (Windows NT 6.1; WOW64) AppleWebKit/537.36 (KHTML, like Gecko) Chrome/42.0.2311.90 Safari/537.36"
::1 - - [Mon, 01 Jun 2015 06:31:51 GMT] "GET /javascripts/jquery-1.11.3.min.js HTTP/1.1" 304 - "http://localhost:3000/" "Mozilla/5.0 (Windows NT 6.1; WOW64) AppleWebKit/537.36 (KHTML, like Gecko) Chrome/42.0.2311.90 Safari/537.36"
::1 - - [Mon, 01 Jun 2015 06:31:51 GMT] "GET /javascripts/bootstrap.min.js HTTP/1.1" 304 - "http://localhost:3000/" "Mozilla/5.0 (Windows NT 6.1; WOW64) AppleWebKit/537.36 (KHTML, like Gecko) Chrome/42.0.2311.90 Safari/537.36"
::1 - - [Mon, 01 Jun 2015 06:32:51 GMT] "GET / HTTP/1.1" 200 2013 "http://localhost:3000/u/yehan" "Mozilla/5.0 (Windows NT 6.1; WOW64) AppleWebKit/537.36 (KHTML, like Gecko) Chrome/42.0.2311.90 Safari/537.36"
::1 - - [Mon, 01 Jun 2015 06:32:51 GMT] "GET /stylesheets/bootstrap.min.css HTTP/1.1" 304 - "http://localhost:3000/" "Mozilla/5.0 (Windows NT 6.1; WOW64) AppleWebKit/537.36 (KHTML, like Gecko) Chrome/42.0.2311.90 Safari/537.36"
::1 - - [Mon, 01 Jun 2015 06:32:51 GMT] "GET /stylesheets/style.css HTTP/1.1" 304 - "http://localhost:3000/" "Mozilla/5.0 (Windows NT 6.1; WOW64) AppleWebKit/537.36 (KHTML, like Gecko) Chrome/42.0.2311.90 Safari/537.36"
::1 - - [Mon, 01 Jun 2015 06:32:51 GMT] "GET /javascripts/jquery-1.11.3.min.js HTTP/1.1" 304 - "http://localhost:3000/" "Mozilla/5.0 (Windows NT 6.1; WOW64) AppleWebKit/537.36 (KHTML, like Gecko) Chrome/42.0.2311.90 Safari/537.36"
::1 - - [Mon, 01 Jun 2015 06:32:51 GMT] "GET /javascripts/bootstrap.min.js HTTP/1.1" 304 - "http://localhost:3000/" "Mozilla/5.0 (Windows NT 6.1; WOW64) AppleWebKit/537.36 (KHTML, like Gecko) Chrome/42.0.2311.90 Safari/537.36"
::1 - - [Mon, 01 Jun 2015 06:35:25 GMT] "GET /logout HTTP/1.1" 302 58 "http://localhost:3000/" "Mozilla/5.0 (Windows NT 6.1; WOW64) AppleWebKit/537.36 (KHTML, like Gecko) Chrome/42.0.2311.90 Safari/537.36"
::1 - - [Mon, 01 Jun 2015 06:35:25 GMT] "GET / HTTP/1.1" 200 2063 "http://localhost:3000/" "Mozilla/5.0 (Windows NT 6.1; WOW64) AppleWebKit/537.36 (KHTML, like Gecko) Chrome/42.0.2311.90 Safari/537.36"
::1 - - [Mon, 01 Jun 2015 06:35:26 GMT] "GET /stylesheets/bootstrap.min.css HTTP/1.1" 304 - "http://localhost:3000/" "Mozilla/5.0 (Windows NT 6.1; WOW64) AppleWebKit/537.36 (KHTML, like Gecko) Chrome/42.0.2311.90 Safari/537.36"
::1 - - [Mon, 01 Jun 2015 06:35:26 GMT] "GET /stylesheets/style.css HTTP/1.1" 304 - "http://localhost:3000/" "Mozilla/5.0 (Windows NT 6.1; WOW64) AppleWebKit/537.36 (KHTML, like Gecko) Chrome/42.0.2311.90 Safari/537.36"
::1 - - [Mon, 01 Jun 2015 06:35:26 GMT] "GET /javascripts/jquery-1.11.3.min.js HTTP/1.1" 304 - "http://localhost:3000/" "Mozilla/5.0 (Windows NT 6.1; WOW64) AppleWebKit/537.36 (KHTML, like Gecko) Chrome/42.0.2311.90 Safari/537.36"
::1 - - [Mon, 01 Jun 2015 06:35:26 GMT] "GET /javascripts/bootstrap.min.js HTTP/1.1" 304 - "http://localhost:3000/" "Mozilla/5.0 (Windows NT 6.1; WOW64) AppleWebKit/537.36 (KHTML, like Gecko) Chrome/42.0.2311.90 Safari/537.36"
::1 - - [Mon, 01 Jun 2015 06:35:47 GMT] "GET / HTTP/1.1" 304 - "http://localhost:3000/" "Mozilla/5.0 (Windows NT 6.1; WOW64) AppleWebKit/537.36 (KHTML, like Gecko) Chrome/42.0.2311.90 Safari/537.36"
::1 - - [Mon, 01 Jun 2015 06:35:47 GMT] "GET /stylesheets/bootstrap.min.css HTTP/1.1" 304 - "http://localhost:3000/" "Mozilla/5.0 (Windows NT 6.1; WOW64) AppleWebKit/537.36 (KHTML, like Gecko) Chrome/42.0.2311.90 Safari/537.36"
::1 - - [Mon, 01 Jun 2015 06:35:47 GMT] "GET /javascripts/jquery-1.11.3.min.js HTTP/1.1" 304 - "http://localhost:3000/" "Mozilla/5.0 (Windows NT 6.1; WOW64) AppleWebKit/537.36 (KHTML, like Gecko) Chrome/42.0.2311.90 Safari/537.36"
::1 - - [Mon, 01 Jun 2015 06:35:47 GMT] "GET /stylesheets/style.css HTTP/1.1" 200 29 "http://localhost:3000/" "Mozilla/5.0 (Windows NT 6.1; WOW64) AppleWebKit/537.36 (KHTML, like Gecko) Chrome/42.0.2311.90 Safari/537.36"
::1 - - [Mon, 01 Jun 2015 06:35:47 GMT] "GET /javascripts/bootstrap.min.js HTTP/1.1" 304 - "http://localhost:3000/" "Mozilla/5.0 (Windows NT 6.1; WOW64) AppleWebKit/537.36 (KHTML, like Gecko) Chrome/42.0.2311.90 Safari/537.36"
::1 - - [Mon, 01 Jun 2015 06:35:53 GMT] "GET /reg HTTP/1.1" 200 1834 "http://localhost:3000/" "Mozilla/5.0 (Windows NT 6.1; WOW64) AppleWebKit/537.36 (KHTML, like Gecko) Chrome/42.0.2311.90 Safari/537.36"
::1 - - [Mon, 01 Jun 2015 06:35:53 GMT] "GET /stylesheets/bootstrap.min.css HTTP/1.1" 304 - "http://localhost:3000/reg" "Mozilla/5.0 (Windows NT 6.1; WOW64) AppleWebKit/537.36 (KHTML, like Gecko) Chrome/42.0.2311.90 Safari/537.36"
::1 - - [Mon, 01 Jun 2015 06:35:53 GMT] "GET /stylesheets/style.css HTTP/1.1" 304 - "http://localhost:3000/reg" "Mozilla/5.0 (Windows NT 6.1; WOW64) AppleWebKit/537.36 (KHTML, like Gecko) Chrome/42.0.2311.90 Safari/537.36"
::1 - - [Mon, 01 Jun 2015 06:35:53 GMT] "GET /javascripts/jquery-1.11.3.min.js HTTP/1.1" 304 - "http://localhost:3000/reg" "Mozilla/5.0 (Windows NT 6.1; WOW64) AppleWebKit/537.36 (KHTML, like Gecko) Chrome/42.0.2311.90 Safari/537.36"
::1 - - [Mon, 01 Jun 2015 06:35:53 GMT] "GET /javascripts/bootstrap.min.js HTTP/1.1" 304 - "http://localhost:3000/reg" "Mozilla/5.0 (Windows NT 6.1; WOW64) AppleWebKit/537.36 (KHTML, like Gecko) Chrome/42.0.2311.90 Safari/537.36"
::1 - - [Mon, 01 Jun 2015 06:36:32 GMT] "GET /reg HTTP/1.1" 200 1937 "http://localhost:3000/" "Mozilla/5.0 (Windows NT 6.1; WOW64) AppleWebKit/537.36 (KHTML, like Gecko) Chrome/42.0.2311.90 Safari/537.36"
::1 - - [Mon, 01 Jun 2015 06:36:32 GMT] "GET /stylesheets/bootstrap.min.css HTTP/1.1" 304 - "http://localhost:3000/reg" "Mozilla/5.0 (Windows NT 6.1; WOW64) AppleWebKit/537.36 (KHTML, like Gecko) Chrome/42.0.2311.90 Safari/537.36"
::1 - - [Mon, 01 Jun 2015 06:36:32 GMT] "GET /stylesheets/style.css HTTP/1.1" 304 - "http://localhost:3000/reg" "Mozilla/5.0 (Windows NT 6.1; WOW64) AppleWebKit/537.36 (KHTML, like Gecko) Chrome/42.0.2311.90 Safari/537.36"
::1 - - [Mon, 01 Jun 2015 06:36:32 GMT] "GET /javascripts/jquery-1.11.3.min.js HTTP/1.1" 304 - "http://localhost:3000/reg" "Mozilla/5.0 (Windows NT 6.1; WOW64) AppleWebKit/537.36 (KHTML, like Gecko) Chrome/42.0.2311.90 Safari/537.36"
::1 - - [Mon, 01 Jun 2015 06:36:32 GMT] "GET /javascripts/bootstrap.min.js HTTP/1.1" 304 - "http://localhost:3000/reg" "Mozilla/5.0 (Windows NT 6.1; WOW64) AppleWebKit/537.36 (KHTML, like Gecko) Chrome/42.0.2311.90 Safari/537.36"
::1 - - [Mon, 01 Jun 2015 06:37:18 GMT] "GET /login HTTP/1.1" 200 1647 "http://localhost:3000/reg" "Mozilla/5.0 (Windows NT 6.1; WOW64) AppleWebKit/537.36 (KHTML, like Gecko) Chrome/42.0.2311.90 Safari/537.36"
::1 - - [Mon, 01 Jun 2015 06:37:18 GMT] "GET /stylesheets/bootstrap.min.css HTTP/1.1" 304 - "http://localhost:3000/login" "Mozilla/5.0 (Windows NT 6.1; WOW64) AppleWebKit/537.36 (KHTML, like Gecko) Chrome/42.0.2311.90 Safari/537.36"
::1 - - [Mon, 01 Jun 2015 06:37:18 GMT] "GET /stylesheets/style.css HTTP/1.1" 304 - "http://localhost:3000/login" "Mozilla/5.0 (Windows NT 6.1; WOW64) AppleWebKit/537.36 (KHTML, like Gecko) Chrome/42.0.2311.90 Safari/537.36"
::1 - - [Mon, 01 Jun 2015 06:37:18 GMT] "GET /javascripts/jquery-1.11.3.min.js HTTP/1.1" 304 - "http://localhost:3000/login" "Mozilla/5.0 (Windows NT 6.1; WOW64) AppleWebKit/537.36 (KHTML, like Gecko) Chrome/42.0.2311.90 Safari/537.36"
::1 - - [Mon, 01 Jun 2015 06:37:18 GMT] "GET /javascripts/bootstrap.min.js HTTP/1.1" 304 - "http://localhost:3000/login" "Mozilla/5.0 (Windows NT 6.1; WOW64) AppleWebKit/537.36 (KHTML, like Gecko) Chrome/42.0.2311.90 Safari/537.36"
::1 - - [Mon, 01 Jun 2015 06:37:19 GMT] "POST /login HTTP/1.1" 302 58 "http://localhost:3000/login" "Mozilla/5.0 (Windows NT 6.1; WOW64) AppleWebKit/537.36 (KHTML, like Gecko) Chrome/42.0.2311.90 Safari/537.36"
::1 - - [Mon, 01 Jun 2015 06:37:20 GMT] "GET / HTTP/1.1" 500 2612 "http://localhost:3000/login" "Mozilla/5.0 (Windows NT 6.1; WOW64) AppleWebKit/537.36 (KHTML, like Gecko) Chrome/42.0.2311.90 Safari/537.36"
::1 - - [Mon, 01 Jun 2015 06:37:20 GMT] "GET /stylesheets/bootstrap.min.css HTTP/1.1" 304 - "http://localhost:3000/" "Mozilla/5.0 (Windows NT 6.1; WOW64) AppleWebKit/537.36 (KHTML, like Gecko) Chrome/42.0.2311.90 Safari/537.36"
::1 - - [Mon, 01 Jun 2015 06:37:20 GMT] "GET /stylesheets/style.css HTTP/1.1" 304 - "http://localhost:3000/" "Mozilla/5.0 (Windows NT 6.1; WOW64) AppleWebKit/537.36 (KHTML, like Gecko) Chrome/42.0.2311.90 Safari/537.36"
::1 - - [Mon, 01 Jun 2015 06:37:20 GMT] "GET /javascripts/jquery-1.11.3.min.js HTTP/1.1" 304 - "http://localhost:3000/" "Mozilla/5.0 (Windows NT 6.1; WOW64) AppleWebKit/537.36 (KHTML, like Gecko) Chrome/42.0.2311.90 Safari/537.36"
::1 - - [Mon, 01 Jun 2015 06:37:20 GMT] "GET /javascripts/bootstrap.min.js HTTP/1.1" 304 - "http://localhost:3000/" "Mozilla/5.0 (Windows NT 6.1; WOW64) AppleWebKit/537.36 (KHTML, like Gecko) Chrome/42.0.2311.90 Safari/537.36"
::1 - - [Mon, 01 Jun 2015 06:39:13 GMT] "GET / HTTP/1.1" 200 2058 "http://localhost:3000/login" "Mozilla/5.0 (Windows NT 6.1; WOW64) AppleWebKit/537.36 (KHTML, like Gecko) Chrome/42.0.2311.90 Safari/537.36"
::1 - - [Mon, 01 Jun 2015 06:39:13 GMT] "GET /stylesheets/bootstrap.min.css HTTP/1.1" 304 - "http://localhost:3000/" "Mozilla/5.0 (Windows NT 6.1; WOW64) AppleWebKit/537.36 (KHTML, like Gecko) Chrome/42.0.2311.90 Safari/537.36"
::1 - - [Mon, 01 Jun 2015 06:39:13 GMT] "GET /stylesheets/style.css HTTP/1.1" 304 - "http://localhost:3000/" "Mozilla/5.0 (Windows NT 6.1; WOW64) AppleWebKit/537.36 (KHTML, like Gecko) Chrome/42.0.2311.90 Safari/537.36"
::1 - - [Mon, 01 Jun 2015 06:39:13 GMT] "GET /javascripts/jquery-1.11.3.min.js HTTP/1.1" 304 - "http://localhost:3000/" "Mozilla/5.0 (Windows NT 6.1; WOW64) AppleWebKit/537.36 (KHTML, like Gecko) Chrome/42.0.2311.90 Safari/537.36"
::1 - - [Mon, 01 Jun 2015 06:39:13 GMT] "GET /javascripts/bootstrap.min.js HTTP/1.1" 304 - "http://localhost:3000/" "Mozilla/5.0 (Windows NT 6.1; WOW64) AppleWebKit/537.36 (KHTML, like Gecko) Chrome/42.0.2311.90 Safari/537.36"
::1 - - [Mon, 01 Jun 2015 06:40:00 GMT] "GET / HTTP/1.1" 304 - "http://localhost:3000/" "Mozilla/5.0 (Windows NT 6.1; WOW64) AppleWebKit/537.36 (KHTML, like Gecko) Chrome/42.0.2311.90 Safari/537.36"
::1 - - [Mon, 01 Jun 2015 06:40:00 GMT] "GET /stylesheets/bootstrap.min.css HTTP/1.1" 304 - "http://localhost:3000/" "Mozilla/5.0 (Windows NT 6.1; WOW64) AppleWebKit/537.36 (KHTML, like Gecko) Chrome/42.0.2311.90 Safari/537.36"
::1 - - [Mon, 01 Jun 2015 06:40:00 GMT] "GET /stylesheets/style.css HTTP/1.1" 304 - "http://localhost:3000/" "Mozilla/5.0 (Windows NT 6.1; WOW64) AppleWebKit/537.36 (KHTML, like Gecko) Chrome/42.0.2311.90 Safari/537.36"
::1 - - [Mon, 01 Jun 2015 06:40:00 GMT] "GET /javascripts/jquery-1.11.3.min.js HTTP/1.1" 304 - "http://localhost:3000/" "Mozilla/5.0 (Windows NT 6.1; WOW64) AppleWebKit/537.36 (KHTML, like Gecko) Chrome/42.0.2311.90 Safari/537.36"
::1 - - [Mon, 01 Jun 2015 06:40:00 GMT] "GET /javascripts/bootstrap.min.js HTTP/1.1" 304 - "http://localhost:3000/" "Mozilla/5.0 (Windows NT 6.1; WOW64) AppleWebKit/537.36 (KHTML, like Gecko) Chrome/42.0.2311.90 Safari/537.36"
::1 - - [Mon, 01 Jun 2015 06:40:02 GMT] "GET /logout HTTP/1.1" 302 58 "http://localhost:3000/" "Mozilla/5.0 (Windows NT 6.1; WOW64) AppleWebKit/537.36 (KHTML, like Gecko) Chrome/42.0.2311.90 Safari/537.36"
::1 - - [Mon, 01 Jun 2015 06:40:02 GMT] "GET / HTTP/1.1" 200 2137 "http://localhost:3000/" "Mozilla/5.0 (Windows NT 6.1; WOW64) AppleWebKit/537.36 (KHTML, like Gecko) Chrome/42.0.2311.90 Safari/537.36"
::1 - - [Mon, 01 Jun 2015 06:40:02 GMT] "GET /stylesheets/bootstrap.min.css HTTP/1.1" 304 - "http://localhost:3000/" "Mozilla/5.0 (Windows NT 6.1; WOW64) AppleWebKit/537.36 (KHTML, like Gecko) Chrome/42.0.2311.90 Safari/537.36"
::1 - - [Mon, 01 Jun 2015 06:40:02 GMT] "GET /stylesheets/style.css HTTP/1.1" 304 - "http://localhost:3000/" "Mozilla/5.0 (Windows NT 6.1; WOW64) AppleWebKit/537.36 (KHTML, like Gecko) Chrome/42.0.2311.90 Safari/537.36"
::1 - - [Mon, 01 Jun 2015 06:40:02 GMT] "GET /javascripts/jquery-1.11.3.min.js HTTP/1.1" 304 - "http://localhost:3000/" "Mozilla/5.0 (Windows NT 6.1; WOW64) AppleWebKit/537.36 (KHTML, like Gecko) Chrome/42.0.2311.90 Safari/537.36"
::1 - - [Mon, 01 Jun 2015 06:40:02 GMT] "GET /javascripts/bootstrap.min.js HTTP/1.1" 304 - "http://localhost:3000/" "Mozilla/5.0 (Windows NT 6.1; WOW64) AppleWebKit/537.36 (KHTML, like Gecko) Chrome/42.0.2311.90 Safari/537.36"
::1 - - [Mon, 01 Jun 2015 06:40:49 GMT] "GET / HTTP/1.1" 500 1007 "http://localhost:3000/" "Mozilla/5.0 (Windows NT 6.1; WOW64) AppleWebKit/537.36 (KHTML, like Gecko) Chrome/42.0.2311.90 Safari/537.36"
::1 - - [Mon, 01 Jun 2015 06:41:32 GMT] "GET / HTTP/1.1" 200 2137 "http://localhost:3000/" "Mozilla/5.0 (Windows NT 6.1; WOW64) AppleWebKit/537.36 (KHTML, like Gecko) Chrome/42.0.2311.90 Safari/537.36"
::1 - - [Mon, 01 Jun 2015 06:41:32 GMT] "GET /stylesheets/bootstrap.min.css HTTP/1.1" 304 - "http://localhost:3000/" "Mozilla/5.0 (Windows NT 6.1; WOW64) AppleWebKit/537.36 (KHTML, like Gecko) Chrome/42.0.2311.90 Safari/537.36"
::1 - - [Mon, 01 Jun 2015 06:41:32 GMT] "GET /stylesheets/style.css HTTP/1.1" 304 - "http://localhost:3000/" "Mozilla/5.0 (Windows NT 6.1; WOW64) AppleWebKit/537.36 (KHTML, like Gecko) Chrome/42.0.2311.90 Safari/537.36"
::1 - - [Mon, 01 Jun 2015 06:41:32 GMT] "GET /javascripts/jquery-1.11.3.min.js HTTP/1.1" 304 - "http://localhost:3000/" "Mozilla/5.0 (Windows NT 6.1; WOW64) AppleWebKit/537.36 (KHTML, like Gecko) Chrome/42.0.2311.90 Safari/537.36"
::1 - - [Mon, 01 Jun 2015 06:41:32 GMT] "GET /javascripts/bootstrap.min.js HTTP/1.1" 304 - "http://localhost:3000/" "Mozilla/5.0 (Windows NT 6.1; WOW64) AppleWebKit/537.36 (KHTML, like Gecko) Chrome/42.0.2311.90 Safari/537.36"
::1 - - [Mon, 01 Jun 2015 06:42:06 GMT] "GET / HTTP/1.1" 200 2137 "http://localhost:3000/" "Mozilla/5.0 (Windows NT 6.1; WOW64) AppleWebKit/537.36 (KHTML, like Gecko) Chrome/42.0.2311.90 Safari/537.36"
::1 - - [Mon, 01 Jun 2015 06:42:06 GMT] "GET /stylesheets/bootstrap.min.css HTTP/1.1" 304 - "http://localhost:3000/" "Mozilla/5.0 (Windows NT 6.1; WOW64) AppleWebKit/537.36 (KHTML, like Gecko) Chrome/42.0.2311.90 Safari/537.36"
::1 - - [Mon, 01 Jun 2015 06:42:06 GMT] "GET /stylesheets/style.css HTTP/1.1" 304 - "http://localhost:3000/" "Mozilla/5.0 (Windows NT 6.1; WOW64) AppleWebKit/537.36 (KHTML, like Gecko) Chrome/42.0.2311.90 Safari/537.36"
::1 - - [Mon, 01 Jun 2015 06:42:06 GMT] "GET /javascripts/jquery-1.11.3.min.js HTTP/1.1" 304 - "http://localhost:3000/" "Mozilla/5.0 (Windows NT 6.1; WOW64) AppleWebKit/537.36 (KHTML, like Gecko) Chrome/42.0.2311.90 Safari/537.36"
::1 - - [Mon, 01 Jun 2015 06:42:06 GMT] "GET /javascripts/bootstrap.min.js HTTP/1.1" 304 - "http://localhost:3000/" "Mozilla/5.0 (Windows NT 6.1; WOW64) AppleWebKit/537.36 (KHTML, like Gecko) Chrome/42.0.2311.90 Safari/537.36"
::1 - - [Mon, 01 Jun 2015 06:42:23 GMT] "GET /stylesheets/bootstrap.min.css HTTP/1.1" 304 - "http://localhost:3000/" "Mozilla/5.0 (Windows NT 6.1; WOW64) AppleWebKit/537.36 (KHTML, like Gecko) Chrome/42.0.2311.90 Safari/537.36"
::1 - - [Mon, 01 Jun 2015 06:42:23 GMT] "GET /stylesheets/style.css HTTP/1.1" 304 - "http://localhost:3000/" "Mozilla/5.0 (Windows NT 6.1; WOW64) AppleWebKit/537.36 (KHTML, like Gecko) Chrome/42.0.2311.90 Safari/537.36"
::1 - - [Mon, 01 Jun 2015 06:43:28 GMT] "GET /login HTTP/1.1" 200 1647 "http://localhost:3000/" "Mozilla/5.0 (Windows NT 6.1; WOW64) AppleWebKit/537.36 (KHTML, like Gecko) Chrome/42.0.2311.90 Safari/537.36"
::1 - - [Mon, 01 Jun 2015 06:43:28 GMT] "GET /stylesheets/bootstrap.min.css HTTP/1.1" 304 - "http://localhost:3000/login" "Mozilla/5.0 (Windows NT 6.1; WOW64) AppleWebKit/537.36 (KHTML, like Gecko) Chrome/42.0.2311.90 Safari/537.36"
::1 - - [Mon, 01 Jun 2015 06:43:28 GMT] "GET /stylesheets/style.css HTTP/1.1" 304 - "http://localhost:3000/login" "Mozilla/5.0 (Windows NT 6.1; WOW64) AppleWebKit/537.36 (KHTML, like Gecko) Chrome/42.0.2311.90 Safari/537.36"
::1 - - [Mon, 01 Jun 2015 06:43:28 GMT] "GET /javascripts/jquery-1.11.3.min.js HTTP/1.1" 304 - "http://localhost:3000/login" "Mozilla/5.0 (Windows NT 6.1; WOW64) AppleWebKit/537.36 (KHTML, like Gecko) Chrome/42.0.2311.90 Safari/537.36"
::1 - - [Mon, 01 Jun 2015 06:43:28 GMT] "GET /javascripts/bootstrap.min.js HTTP/1.1" 304 - "http://localhost:3000/login" "Mozilla/5.0 (Windows NT 6.1; WOW64) AppleWebKit/537.36 (KHTML, like Gecko) Chrome/42.0.2311.90 Safari/537.36"
::1 - - [Mon, 01 Jun 2015 06:43:31 GMT] "POST /login HTTP/1.1" 302 58 "http://localhost:3000/login" "Mozilla/5.0 (Windows NT 6.1; WOW64) AppleWebKit/537.36 (KHTML, like Gecko) Chrome/42.0.2311.90 Safari/537.36"
::1 - - [Mon, 01 Jun 2015 06:43:31 GMT] "GET / HTTP/1.1" 200 2058 "http://localhost:3000/login" "Mozilla/5.0 (Windows NT 6.1; WOW64) AppleWebKit/537.36 (KHTML, like Gecko) Chrome/42.0.2311.90 Safari/537.36"
::1 - - [Mon, 01 Jun 2015 06:43:31 GMT] "GET /stylesheets/bootstrap.min.css HTTP/1.1" 304 - "http://localhost:3000/" "Mozilla/5.0 (Windows NT 6.1; WOW64) AppleWebKit/537.36 (KHTML, like Gecko) Chrome/42.0.2311.90 Safari/537.36"
::1 - - [Mon, 01 Jun 2015 06:43:31 GMT] "GET /stylesheets/style.css HTTP/1.1" 304 - "http://localhost:3000/" "Mozilla/5.0 (Windows NT 6.1; WOW64) AppleWebKit/537.36 (KHTML, like Gecko) Chrome/42.0.2311.90 Safari/537.36"
::1 - - [Mon, 01 Jun 2015 06:43:31 GMT] "GET /javascripts/jquery-1.11.3.min.js HTTP/1.1" 304 - "http://localhost:3000/" "Mozilla/5.0 (Windows NT 6.1; WOW64) AppleWebKit/537.36 (KHTML, like Gecko) Chrome/42.0.2311.90 Safari/537.36"
::1 - - [Mon, 01 Jun 2015 06:43:31 GMT] "GET /javascripts/bootstrap.min.js HTTP/1.1" 304 - "http://localhost:3000/" "Mozilla/5.0 (Windows NT 6.1; WOW64) AppleWebKit/537.36 (KHTML, like Gecko) Chrome/42.0.2311.90 Safari/537.36"
::1 - - [Mon, 01 Jun 2015 06:43:38 GMT] "POST /post HTTP/1.1" 302 72 "http://localhost:3000/" "Mozilla/5.0 (Windows NT 6.1; WOW64) AppleWebKit/537.36 (KHTML, like Gecko) Chrome/42.0.2311.90 Safari/537.36"
::1 - - [Mon, 01 Jun 2015 06:43:38 GMT] "GET /u/yehan HTTP/1.1" 200 1793 "http://localhost:3000/" "Mozilla/5.0 (Windows NT 6.1; WOW64) AppleWebKit/537.36 (KHTML, like Gecko) Chrome/42.0.2311.90 Safari/537.36"
::1 - - [Mon, 01 Jun 2015 06:43:39 GMT] "GET /stylesheets/bootstrap.min.css HTTP/1.1" 304 - "http://localhost:3000/u/yehan" "Mozilla/5.0 (Windows NT 6.1; WOW64) AppleWebKit/537.36 (KHTML, like Gecko) Chrome/42.0.2311.90 Safari/537.36"
::1 - - [Mon, 01 Jun 2015 06:43:39 GMT] "GET /stylesheets/style.css HTTP/1.1" 304 - "http://localhost:3000/u/yehan" "Mozilla/5.0 (Windows NT 6.1; WOW64) AppleWebKit/537.36 (KHTML, like Gecko) Chrome/42.0.2311.90 Safari/537.36"
::1 - - [Mon, 01 Jun 2015 06:43:39 GMT] "GET /javascripts/jquery-1.11.3.min.js HTTP/1.1" 304 - "http://localhost:3000/u/yehan" "Mozilla/5.0 (Windows NT 6.1; WOW64) AppleWebKit/537.36 (KHTML, like Gecko) Chrome/42.0.2311.90 Safari/537.36"
::1 - - [Mon, 01 Jun 2015 06:43:39 GMT] "GET /javascripts/bootstrap.min.js HTTP/1.1" 304 - "http://localhost:3000/u/yehan" "Mozilla/5.0 (Windows NT 6.1; WOW64) AppleWebKit/537.36 (KHTML, like Gecko) Chrome/42.0.2311.90 Safari/537.36"
::1 - - [Mon, 01 Jun 2015 06:43:45 GMT] "GET / HTTP/1.1" 200 2214 "http://localhost:3000/u/yehan" "Mozilla/5.0 (Windows NT 6.1; WOW64) AppleWebKit/537.36 (KHTML, like Gecko) Chrome/42.0.2311.90 Safari/537.36"
::1 - - [Mon, 01 Jun 2015 06:43:46 GMT] "GET /stylesheets/bootstrap.min.css HTTP/1.1" 304 - "http://localhost:3000/" "Mozilla/5.0 (Windows NT 6.1; WOW64) AppleWebKit/537.36 (KHTML, like Gecko) Chrome/42.0.2311.90 Safari/537.36"
::1 - - [Mon, 01 Jun 2015 06:43:46 GMT] "GET /stylesheets/style.css HTTP/1.1" 304 - "http://localhost:3000/" "Mozilla/5.0 (Windows NT 6.1; WOW64) AppleWebKit/537.36 (KHTML, like Gecko) Chrome/42.0.2311.90 Safari/537.36"
::1 - - [Mon, 01 Jun 2015 06:43:46 GMT] "GET /javascripts/jquery-1.11.3.min.js HTTP/1.1" 304 - "http://localhost:3000/" "Mozilla/5.0 (Windows NT 6.1; WOW64) AppleWebKit/537.36 (KHTML, like Gecko) Chrome/42.0.2311.90 Safari/537.36"
::1 - - [Mon, 01 Jun 2015 06:43:46 GMT] "GET /javascripts/bootstrap.min.js HTTP/1.1" 304 - "http://localhost:3000/" "Mozilla/5.0 (Windows NT 6.1; WOW64) AppleWebKit/537.36 (KHTML, like Gecko) Chrome/42.0.2311.90 Safari/537.36"
::1 - - [Mon, 01 Jun 2015 06:44:32 GMT] "GET / HTTP/1.1" 304 - "http://localhost:3000/u/yehan" "Mozilla/5.0 (Windows NT 6.1; WOW64) AppleWebKit/537.36 (KHTML, like Gecko) Chrome/42.0.2311.90 Safari/537.36"
::1 - - [Mon, 01 Jun 2015 06:44:32 GMT] "GET /stylesheets/bootstrap.min.css HTTP/1.1" 304 - "http://localhost:3000/" "Mozilla/5.0 (Windows NT 6.1; WOW64) AppleWebKit/537.36 (KHTML, like Gecko) Chrome/42.0.2311.90 Safari/537.36"
::1 - - [Mon, 01 Jun 2015 06:44:32 GMT] "GET /stylesheets/style.css HTTP/1.1" 304 - "http://localhost:3000/" "Mozilla/5.0 (Windows NT 6.1; WOW64) AppleWebKit/537.36 (KHTML, like Gecko) Chrome/42.0.2311.90 Safari/537.36"
::1 - - [Mon, 01 Jun 2015 06:44:32 GMT] "GET /javascripts/jquery-1.11.3.min.js HTTP/1.1" 304 - "http://localhost:3000/" "Mozilla/5.0 (Windows NT 6.1; WOW64) AppleWebKit/537.36 (KHTML, like Gecko) Chrome/42.0.2311.90 Safari/537.36"
::1 - - [Mon, 01 Jun 2015 06:44:32 GMT] "GET /javascripts/bootstrap.min.js HTTP/1.1" 304 - "http://localhost:3000/" "Mozilla/5.0 (Windows NT 6.1; WOW64) AppleWebKit/537.36 (KHTML, like Gecko) Chrome/42.0.2311.90 Safari/537.36"
::1 - - [Mon, 01 Jun 2015 06:44:36 GMT] "GET /stylesheets/bootstrap.min.css HTTP/1.1" 304 - "http://localhost:3000/" "Mozilla/5.0 (Windows NT 6.1; WOW64) AppleWebKit/537.36 (KHTML, like Gecko) Chrome/42.0.2311.90 Safari/537.36"
::1 - - [Mon, 01 Jun 2015 06:44:36 GMT] "GET /stylesheets/style.css HTTP/1.1" 304 - "http://localhost:3000/" "Mozilla/5.0 (Windows NT 6.1; WOW64) AppleWebKit/537.36 (KHTML, like Gecko) Chrome/42.0.2311.90 Safari/537.36"
::1 - - [Mon, 01 Jun 2015 06:52:06 GMT] "GET / HTTP/1.1" 200 2243 "http://localhost:3000/u/yehan" "Mozilla/5.0 (Windows NT 6.1; WOW64) AppleWebKit/537.36 (KHTML, like Gecko) Chrome/42.0.2311.90 Safari/537.36"
::1 - - [Mon, 01 Jun 2015 06:52:06 GMT] "GET /stylesheets/bootstrap.min.css HTTP/1.1" 200 117305 "http://localhost:3000/" "Mozilla/5.0 (Windows NT 6.1; WOW64) AppleWebKit/537.36 (KHTML, like Gecko) Chrome/42.0.2311.90 Safari/537.36"
::1 - - [Mon, 01 Jun 2015 06:52:06 GMT] "GET /stylesheets/style.css HTTP/1.1" 200 29 "http://localhost:3000/" "Mozilla/5.0 (Windows NT 6.1; WOW64) AppleWebKit/537.36 (KHTML, like Gecko) Chrome/42.0.2311.90 Safari/537.36"
::1 - - [Mon, 01 Jun 2015 06:52:06 GMT] "GET /javascripts/jquery-1.11.3.min.js HTTP/1.1" 200 95957 "http://localhost:3000/" "Mozilla/5.0 (Windows NT 6.1; WOW64) AppleWebKit/537.36 (KHTML, like Gecko) Chrome/42.0.2311.90 Safari/537.36"
::1 - - [Mon, 01 Jun 2015 06:52:06 GMT] "GET /javascripts/bootstrap.min.js HTTP/1.1" 200 35951 "http://localhost:3000/" "Mozilla/5.0 (Windows NT 6.1; WOW64) AppleWebKit/537.36 (KHTML, like Gecko) Chrome/42.0.2311.90 Safari/537.36"
::1 - - [Mon, 01 Jun 2015 06:52:10 GMT] "GET / HTTP/1.1" 304 - "http://localhost:3000/u/yehan" "Mozilla/5.0 (Windows NT 6.1; WOW64) AppleWebKit/537.36 (KHTML, like Gecko) Chrome/42.0.2311.90 Safari/537.36"
::1 - - [Mon, 01 Jun 2015 06:52:10 GMT] "GET /stylesheets/bootstrap.min.css HTTP/1.1" 304 - "http://localhost:3000/" "Mozilla/5.0 (Windows NT 6.1; WOW64) AppleWebKit/537.36 (KHTML, like Gecko) Chrome/42.0.2311.90 Safari/537.36"
::1 - - [Mon, 01 Jun 2015 06:52:10 GMT] "GET /stylesheets/style.css HTTP/1.1" 304 - "http://localhost:3000/" "Mozilla/5.0 (Windows NT 6.1; WOW64) AppleWebKit/537.36 (KHTML, like Gecko) Chrome/42.0.2311.90 Safari/537.36"
::1 - - [Mon, 01 Jun 2015 06:52:10 GMT] "GET /javascripts/jquery-1.11.3.min.js HTTP/1.1" 304 - "http://localhost:3000/" "Mozilla/5.0 (Windows NT 6.1; WOW64) AppleWebKit/537.36 (KHTML, like Gecko) Chrome/42.0.2311.90 Safari/537.36"
::1 - - [Mon, 01 Jun 2015 06:52:10 GMT] "GET /javascripts/bootstrap.min.js HTTP/1.1" 304 - "http://localhost:3000/" "Mozilla/5.0 (Windows NT 6.1; WOW64) AppleWebKit/537.36 (KHTML, like Gecko) Chrome/42.0.2311.90 Safari/537.36"
::1 - - [Mon, 01 Jun 2015 06:52:29 GMT] "GET / HTTP/1.1" 200 2243 "http://localhost:3000/u/yehan" "Mozilla/5.0 (Windows NT 6.1; WOW64) AppleWebKit/537.36 (KHTML, like Gecko) Chrome/42.0.2311.90 Safari/537.36"
::1 - - [Mon, 01 Jun 2015 06:52:30 GMT] "GET /stylesheets/bootstrap.min.css HTTP/1.1" 304 - "http://localhost:3000/" "Mozilla/5.0 (Windows NT 6.1; WOW64) AppleWebKit/537.36 (KHTML, like Gecko) Chrome/42.0.2311.90 Safari/537.36"
::1 - - [Mon, 01 Jun 2015 06:52:30 GMT] "GET /stylesheets/style.css HTTP/1.1" 304 - "http://localhost:3000/" "Mozilla/5.0 (Windows NT 6.1; WOW64) AppleWebKit/537.36 (KHTML, like Gecko) Chrome/42.0.2311.90 Safari/537.36"
::1 - - [Mon, 01 Jun 2015 06:52:30 GMT] "GET /javascripts/jquery-1.11.3.min.js HTTP/1.1" 304 - "http://localhost:3000/" "Mozilla/5.0 (Windows NT 6.1; WOW64) AppleWebKit/537.36 (KHTML, like Gecko) Chrome/42.0.2311.90 Safari/537.36"
::1 - - [Mon, 01 Jun 2015 06:52:30 GMT] "GET /javascripts/bootstrap.min.js HTTP/1.1" 304 - "http://localhost:3000/" "Mozilla/5.0 (Windows NT 6.1; WOW64) AppleWebKit/537.36 (KHTML, like Gecko) Chrome/42.0.2311.90 Safari/537.36"
::1 - - [Mon, 01 Jun 2015 06:53:54 GMT] "GET / HTTP/1.1" 304 - "http://localhost:3000/" "Mozilla/5.0 (Windows NT 6.1; WOW64) AppleWebKit/537.36 (KHTML, like Gecko) Chrome/42.0.2311.90 Safari/537.36"
::1 - - [Mon, 01 Jun 2015 06:53:54 GMT] "GET /stylesheets/bootstrap.min.css HTTP/1.1" 304 - "http://localhost:3000/" "Mozilla/5.0 (Windows NT 6.1; WOW64) AppleWebKit/537.36 (KHTML, like Gecko) Chrome/42.0.2311.90 Safari/537.36"
::1 - - [Mon, 01 Jun 2015 06:53:54 GMT] "GET /stylesheets/style.css HTTP/1.1" 304 - "http://localhost:3000/" "Mozilla/5.0 (Windows NT 6.1; WOW64) AppleWebKit/537.36 (KHTML, like Gecko) Chrome/42.0.2311.90 Safari/537.36"
::1 - - [Mon, 01 Jun 2015 06:53:54 GMT] "GET /javascripts/jquery-1.11.3.min.js HTTP/1.1" 304 - "http://localhost:3000/" "Mozilla/5.0 (Windows NT 6.1; WOW64) AppleWebKit/537.36 (KHTML, like Gecko) Chrome/42.0.2311.90 Safari/537.36"
::1 - - [Mon, 01 Jun 2015 06:53:54 GMT] "GET /javascripts/bootstrap.min.js HTTP/1.1" 304 - "http://localhost:3000/" "Mozilla/5.0 (Windows NT 6.1; WOW64) AppleWebKit/537.36 (KHTML, like Gecko) Chrome/42.0.2311.90 Safari/537.36"
::1 - - [Mon, 01 Jun 2015 06:54:08 GMT] "GET /logout HTTP/1.1" 302 58 "http://localhost:3000/" "Mozilla/5.0 (Windows NT 6.1; WOW64) AppleWebKit/537.36 (KHTML, like Gecko) Chrome/42.0.2311.90 Safari/537.36"
::1 - - [Mon, 01 Jun 2015 06:54:08 GMT] "GET / HTTP/1.1" 200 2322 "http://localhost:3000/" "Mozilla/5.0 (Windows NT 6.1; WOW64) AppleWebKit/537.36 (KHTML, like Gecko) Chrome/42.0.2311.90 Safari/537.36"
::1 - - [Mon, 01 Jun 2015 06:54:08 GMT] "GET /stylesheets/bootstrap.min.css HTTP/1.1" 304 - "http://localhost:3000/" "Mozilla/5.0 (Windows NT 6.1; WOW64) AppleWebKit/537.36 (KHTML, like Gecko) Chrome/42.0.2311.90 Safari/537.36"
::1 - - [Mon, 01 Jun 2015 06:54:08 GMT] "GET /stylesheets/style.css HTTP/1.1" 304 - "http://localhost:3000/" "Mozilla/5.0 (Windows NT 6.1; WOW64) AppleWebKit/537.36 (KHTML, like Gecko) Chrome/42.0.2311.90 Safari/537.36"
::1 - - [Mon, 01 Jun 2015 06:54:08 GMT] "GET /javascripts/jquery-1.11.3.min.js HTTP/1.1" 304 - "http://localhost:3000/" "Mozilla/5.0 (Windows NT 6.1; WOW64) AppleWebKit/537.36 (KHTML, like Gecko) Chrome/42.0.2311.90 Safari/537.36"
::1 - - [Mon, 01 Jun 2015 06:54:08 GMT] "GET /javascripts/bootstrap.min.js HTTP/1.1" 304 - "http://localhost:3000/" "Mozilla/5.0 (Windows NT 6.1; WOW64) AppleWebKit/537.36 (KHTML, like Gecko) Chrome/42.0.2311.90 Safari/537.36"
::1 - - [Mon, 01 Jun 2015 07:00:08 GMT] "GET /reg HTTP/1.1" 304 - "http://localhost:3000/" "Mozilla/5.0 (Windows NT 6.1; WOW64) AppleWebKit/537.36 (KHTML, like Gecko) Chrome/42.0.2311.90 Safari/537.36"
::1 - - [Mon, 01 Jun 2015 07:00:08 GMT] "GET /stylesheets/bootstrap.min.css HTTP/1.1" 304 - "http://localhost:3000/reg" "Mozilla/5.0 (Windows NT 6.1; WOW64) AppleWebKit/537.36 (KHTML, like Gecko) Chrome/42.0.2311.90 Safari/537.36"
::1 - - [Mon, 01 Jun 2015 07:00:08 GMT] "GET /stylesheets/style.css HTTP/1.1" 304 - "http://localhost:3000/reg" "Mozilla/5.0 (Windows NT 6.1; WOW64) AppleWebKit/537.36 (KHTML, like Gecko) Chrome/42.0.2311.90 Safari/537.36"
::1 - - [Mon, 01 Jun 2015 07:00:08 GMT] "GET /javascripts/jquery-1.11.3.min.js HTTP/1.1" 304 - "http://localhost:3000/reg" "Mozilla/5.0 (Windows NT 6.1; WOW64) AppleWebKit/537.36 (KHTML, like Gecko) Chrome/42.0.2311.90 Safari/537.36"
::1 - - [Mon, 01 Jun 2015 07:00:08 GMT] "GET /javascripts/bootstrap.min.js HTTP/1.1" 304 - "http://localhost:3000/reg" "Mozilla/5.0 (Windows NT 6.1; WOW64) AppleWebKit/537.36 (KHTML, like Gecko) Chrome/42.0.2311.90 Safari/537.36"
::1 - - [Mon, 01 Jun 2015 07:00:22 GMT] "POST /reg HTTP/1.1" 302 58 "http://localhost:3000/reg" "Mozilla/5.0 (Windows NT 6.1; WOW64) AppleWebKit/537.36 (KHTML, like Gecko) Chrome/42.0.2311.90 Safari/537.36"
::1 - - [Mon, 01 Jun 2015 07:00:22 GMT] "GET / HTTP/1.1" 200 2243 "http://localhost:3000/reg" "Mozilla/5.0 (Windows NT 6.1; WOW64) AppleWebKit/537.36 (KHTML, like Gecko) Chrome/42.0.2311.90 Safari/537.36"
::1 - - [Mon, 01 Jun 2015 07:00:22 GMT] "GET /stylesheets/bootstrap.min.css HTTP/1.1" 304 - "http://localhost:3000/" "Mozilla/5.0 (Windows NT 6.1; WOW64) AppleWebKit/537.36 (KHTML, like Gecko) Chrome/42.0.2311.90 Safari/537.36"
::1 - - [Mon, 01 Jun 2015 07:00:22 GMT] "GET /stylesheets/style.css HTTP/1.1" 304 - "http://localhost:3000/" "Mozilla/5.0 (Windows NT 6.1; WOW64) AppleWebKit/537.36 (KHTML, like Gecko) Chrome/42.0.2311.90 Safari/537.36"
::1 - - [Mon, 01 Jun 2015 07:00:22 GMT] "GET /javascripts/jquery-1.11.3.min.js HTTP/1.1" 304 - "http://localhost:3000/" "Mozilla/5.0 (Windows NT 6.1; WOW64) AppleWebKit/537.36 (KHTML, like Gecko) Chrome/42.0.2311.90 Safari/537.36"
::1 - - [Mon, 01 Jun 2015 07:00:22 GMT] "GET /javascripts/bootstrap.min.js HTTP/1.1" 304 - "http://localhost:3000/" "Mozilla/5.0 (Windows NT 6.1; WOW64) AppleWebKit/537.36 (KHTML, like Gecko) Chrome/42.0.2311.90 Safari/537.36"
::1 - - [Mon, 01 Jun 2015 07:00:40 GMT] "POST /post HTTP/1.1" 302 76 "http://localhost:3000/" "Mozilla/5.0 (Windows NT 6.1; WOW64) AppleWebKit/537.36 (KHTML, like Gecko) Chrome/42.0.2311.90 Safari/537.36"
::1 - - [Mon, 01 Jun 2015 07:00:40 GMT] "GET /u/Jackson HTTP/1.1" 200 1495 "http://localhost:3000/" "Mozilla/5.0 (Windows NT 6.1; WOW64) AppleWebKit/537.36 (KHTML, like Gecko) Chrome/42.0.2311.90 Safari/537.36"
::1 - - [Mon, 01 Jun 2015 07:00:40 GMT] "GET /stylesheets/bootstrap.min.css HTTP/1.1" 304 - "http://localhost:3000/u/Jackson" "Mozilla/5.0 (Windows NT 6.1; WOW64) AppleWebKit/537.36 (KHTML, like Gecko) Chrome/42.0.2311.90 Safari/537.36"
::1 - - [Mon, 01 Jun 2015 07:00:40 GMT] "GET /stylesheets/style.css HTTP/1.1" 304 - "http://localhost:3000/u/Jackson" "Mozilla/5.0 (Windows NT 6.1; WOW64) AppleWebKit/537.36 (KHTML, like Gecko) Chrome/42.0.2311.90 Safari/537.36"
::1 - - [Mon, 01 Jun 2015 07:00:40 GMT] "GET /javascripts/jquery-1.11.3.min.js HTTP/1.1" 304 - "http://localhost:3000/u/Jackson" "Mozilla/5.0 (Windows NT 6.1; WOW64) AppleWebKit/537.36 (KHTML, like Gecko) Chrome/42.0.2311.90 Safari/537.36"
::1 - - [Mon, 01 Jun 2015 07:00:40 GMT] "GET /javascripts/bootstrap.min.js HTTP/1.1" 304 - "http://localhost:3000/u/Jackson" "Mozilla/5.0 (Windows NT 6.1; WOW64) AppleWebKit/537.36 (KHTML, like Gecko) Chrome/42.0.2311.90 Safari/537.36"
::1 - - [Mon, 01 Jun 2015 07:00:44 GMT] "GET / HTTP/1.1" 200 2433 "http://localhost:3000/u/Jackson" "Mozilla/5.0 (Windows NT 6.1; WOW64) AppleWebKit/537.36 (KHTML, like Gecko) Chrome/42.0.2311.90 Safari/537.36"
::1 - - [Mon, 01 Jun 2015 07:00:45 GMT] "GET /stylesheets/bootstrap.min.css HTTP/1.1" 304 - "http://localhost:3000/" "Mozilla/5.0 (Windows NT 6.1; WOW64) AppleWebKit/537.36 (KHTML, like Gecko) Chrome/42.0.2311.90 Safari/537.36"
::1 - - [Mon, 01 Jun 2015 07:00:45 GMT] "GET /stylesheets/style.css HTTP/1.1" 304 - "http://localhost:3000/" "Mozilla/5.0 (Windows NT 6.1; WOW64) AppleWebKit/537.36 (KHTML, like Gecko) Chrome/42.0.2311.90 Safari/537.36"
::1 - - [Mon, 01 Jun 2015 07:00:45 GMT] "GET /javascripts/jquery-1.11.3.min.js HTTP/1.1" 304 - "http://localhost:3000/" "Mozilla/5.0 (Windows NT 6.1; WOW64) AppleWebKit/537.36 (KHTML, like Gecko) Chrome/42.0.2311.90 Safari/537.36"
::1 - - [Mon, 01 Jun 2015 07:00:45 GMT] "GET /javascripts/bootstrap.min.js HTTP/1.1" 304 - "http://localhost:3000/" "Mozilla/5.0 (Windows NT 6.1; WOW64) AppleWebKit/537.36 (KHTML, like Gecko) Chrome/42.0.2311.90 Safari/537.36"
